TpTrace Verbose: 0 : 6996, 1, 2024/11/26, 11:54:54.214, 4133932397178, vstest.console.dll, Version: 17.11.1-release-24455-02 Current process architecture: X64
TpTrace Verbose: 0 : 6996, 1, 2024/11/26, 11:54:54.216, 4133932425031, vstest.console.dll, Runtime location: C:\Program Files\dotnet\shared\Microsoft.NETCore.App\8.0.10
TpTrace Verbose: 0 : 6996, 1, 2024/11/26, 11:54:54.219, 4133932448050, vstest.console.dll, ArtifactProcessingPostProcessModeProcessorExecutor.Initialize: ArtifactProcessingMode.Collect
TpTrace Verbose: 0 : 6996, 1, 2024/11/26, 11:54:54.219, 4133932449269, vstest.console.dll, TestSessionCorrelationIdProcessorModeProcessorExecutor.Initialize: TestSessionCorrelationId '13136_10ecea24-d0af-4960-9543-b01cf9efb60e'
TpTrace Information: 0 : 6996, 1, 2024/11/26, 11:54:54.225, 4133932509709, vstest.console.dll, FilePatternParser: The given file C:\Users\David Abruzzo\source\repos\Back-end.NET_API_REST\FindexiumInfrastructure.tests\bin\Debug\net8.0\fine-code-coverage\build-output\FindexiumInfrastructure.tests.dll is a full path.
TpTrace Verbose: 0 : 6996, 1, 2024/11/26, 11:54:54.230, 4133932559794, vstest.console.dll, TestPluginCache.DiscoverTestExtensions: finding test extensions in assemblies ends with: RuntimeProvider.dll TPluginInfo: Microsoft.VisualStudio.TestPlatform.Common.ExtensionFramework.Utilities.TestRuntimePluginInformation TExtension: Microsoft.VisualStudio.TestPlatform.ObjectModel.Host.ITestRuntimeProvider
TpTrace Verbose: 0 : 6996, 1, 2024/11/26, 11:54:54.230, 4133932562777, vstest.console.dll, TestPluginCache.GetExtensionPaths: Filtered extension paths: 
TpTrace Verbose: 0 : 6996, 1, 2024/11/26, 11:54:54.230, 4133932563508, vstest.console.dll, TestPluginCache.GetExtensionPaths: Added default extension paths: C:\Program Files\dotnet\sdk\8.0.403\Extensions\Microsoft.Diagnostics.NETCore.Client.dll
C:\Program Files\dotnet\sdk\8.0.403\Extensions\Microsoft.TestPlatform.Extensions.BlameDataCollector.dll
C:\Program Files\dotnet\sdk\8.0.403\Extensions\Microsoft.TestPlatform.Extensions.EventLogCollector.dll
C:\Program Files\dotnet\sdk\8.0.403\Extensions\Microsoft.TestPlatform.TestHostRuntimeProvider.dll
C:\Program Files\dotnet\sdk\8.0.403\Extensions\Microsoft.VisualStudio.TestPlatform.Extensions.Html.TestLogger.dll
C:\Program Files\dotnet\sdk\8.0.403\Extensions\Microsoft.VisualStudio.TestPlatform.Extensions.Trx.TestLogger.dll
TpTrace Verbose: 0 : 6996, 1, 2024/11/26, 11:54:54.230, 4133932563806, vstest.console.dll, TestPluginCache.GetExtensionPaths: Added unfilterableExtensionPaths: 
TpTrace Information: 0 : 6996, 1, 2024/11/26, 11:54:54.231, 4133932569132, vstest.console.dll, AssemblyResolver.ctor: Creating AssemblyResolver with searchDirectories C:\Program Files\dotnet\sdk\8.0.403\Extensions,C:\Program Files\dotnet\sdk\8.0.403
TpTrace Verbose: 0 : 6996, 1, 2024/11/26, 11:54:54.232, 4133932580056, vstest.console.dll, TestPluginCache.DiscoverTestExtensions: Discovering the extensions using extension path.
TpTrace Verbose: 0 : 6996, 1, 2024/11/26, 11:54:54.232, 4133932581087, vstest.console.dll, TestPluginCache.GetExtensionPaths: Filtered extension paths: 
TpTrace Verbose: 0 : 6996, 1, 2024/11/26, 11:54:54.232, 4133932581465, vstest.console.dll, TestPluginCache.GetExtensionPaths: Added default extension paths: C:\Program Files\dotnet\sdk\8.0.403\Extensions\Microsoft.Diagnostics.NETCore.Client.dll
C:\Program Files\dotnet\sdk\8.0.403\Extensions\Microsoft.TestPlatform.Extensions.BlameDataCollector.dll
C:\Program Files\dotnet\sdk\8.0.403\Extensions\Microsoft.TestPlatform.Extensions.EventLogCollector.dll
C:\Program Files\dotnet\sdk\8.0.403\Extensions\Microsoft.TestPlatform.TestHostRuntimeProvider.dll
C:\Program Files\dotnet\sdk\8.0.403\Extensions\Microsoft.VisualStudio.TestPlatform.Extensions.Html.TestLogger.dll
C:\Program Files\dotnet\sdk\8.0.403\Extensions\Microsoft.VisualStudio.TestPlatform.Extensions.Trx.TestLogger.dll
TpTrace Verbose: 0 : 6996, 1, 2024/11/26, 11:54:54.232, 4133932581728, vstest.console.dll, TestPluginCache.GetExtensionPaths: Added unfilterableExtensionPaths: 
TpTrace Verbose: 0 : 6996, 1, 2024/11/26, 11:54:54.232, 4133932582292, vstest.console.dll, TestPluginCache.DiscoverTestExtensions: Discovering the extensions using allExtensionPaths: C:\Program Files\dotnet\sdk\8.0.403\Extensions\Microsoft.Diagnostics.NETCore.Client.dll
C:\Program Files\dotnet\sdk\8.0.403\Extensions\Microsoft.TestPlatform.Extensions.BlameDataCollector.dll
C:\Program Files\dotnet\sdk\8.0.403\Extensions\Microsoft.TestPlatform.Extensions.EventLogCollector.dll
C:\Program Files\dotnet\sdk\8.0.403\Extensions\Microsoft.TestPlatform.TestHostRuntimeProvider.dll
C:\Program Files\dotnet\sdk\8.0.403\Extensions\Microsoft.VisualStudio.TestPlatform.Extensions.Html.TestLogger.dll
C:\Program Files\dotnet\sdk\8.0.403\Extensions\Microsoft.VisualStudio.TestPlatform.Extensions.Trx.TestLogger.dll
TpTrace Information: 0 : 6996, 1, 2024/11/26, 11:54:54.232, 4133932583564, vstest.console.dll, AssemblyResolver.AddSearchDirectories: Adding more searchDirectories C:\Program Files\dotnet\sdk\8.0.403\Extensions,C:\Program Files\dotnet\sdk\8.0.403
TpTrace Information: 0 : 6996, 1, 2024/11/26, 11:54:54.232, 4133932584074, vstest.console.dll, AssemblyResolver.AddSearchDirectories: Adding more searchDirectories C:\Program Files\dotnet\sdk\8.0.403\Extensions,C:\Program Files\dotnet\sdk\8.0.403
TpTrace Information: 0 : 6996, 1, 2024/11/26, 11:54:54.232, 4133932584394, vstest.console.dll, AssemblyResolver.AddSearchDirectories: Adding more searchDirectories C:\Program Files\dotnet\sdk\8.0.403\Extensions,C:\Program Files\dotnet\sdk\8.0.403
TpTrace Information: 0 : 6996, 1, 2024/11/26, 11:54:54.232, 4133932584639, vstest.console.dll, AssemblyResolver.AddSearchDirectories: Adding more searchDirectories C:\Program Files\dotnet\sdk\8.0.403\Extensions,C:\Program Files\dotnet\sdk\8.0.403
TpTrace Information: 0 : 6996, 1, 2024/11/26, 11:54:54.232, 4133932584874, vstest.console.dll, AssemblyResolver.AddSearchDirectories: Adding more searchDirectories C:\Program Files\dotnet\sdk\8.0.403\Extensions,C:\Program Files\dotnet\sdk\8.0.403
TpTrace Information: 0 : 6996, 1, 2024/11/26, 11:54:54.232, 4133932585134, vstest.console.dll, AssemblyResolver.AddSearchDirectories: Adding more searchDirectories C:\Program Files\dotnet\sdk\8.0.403\Extensions,C:\Program Files\dotnet\sdk\8.0.403
TpTrace Information: 0 : 6996, 1, 2024/11/26, 11:54:54.233, 4133932589588, vstest.console.dll, AssemblyResolver.OnResolve: Microsoft.Diagnostics.NETCore.Client: Resolving assembly.
TpTrace Information: 0 : 6996, 1, 2024/11/26, 11:54:54.233, 4133932590339, vstest.console.dll, AssemblyResolver.OnResolve: Microsoft.Diagnostics.NETCore.Client: Searching in: 'C:\Program Files\dotnet\sdk\8.0.403\Extensions'.
TpTrace Information: 0 : 6996, 1, 2024/11/26, 11:54:54.239, 4133932650756, vstest.console.dll, AssemblyResolver.OnResolve: Microsoft.Diagnostics.NETCore.Client: Loading assembly 'C:\Program Files\dotnet\sdk\8.0.403\Extensions\Microsoft.Diagnostics.NETCore.Client.dll'.
TpTrace Information: 0 : 6996, 1, 2024/11/26, 11:54:54.240, 4133932657159, vstest.console.dll, AssemblyResolver.OnResolve: Resolved assembly: Microsoft.Diagnostics.NETCore.Client, from path: C:\Program Files\dotnet\sdk\8.0.403\Extensions\Microsoft.Diagnostics.NETCore.Client.dll
TpTrace Verbose: 0 : 6996, 1, 2024/11/26, 11:54:54.245, 4133932706623, vstest.console.dll, MetadataReaderExtensionsHelper: Discovering extensions inside assembly 'Microsoft.Diagnostics.NETCore.Client, Version=0.2.10.30701, Culture=neutral, PublicKeyToken=31bf3856ad364e35' file path 'C:\Program Files\dotnet\sdk\8.0.403\Extensions\Microsoft.Diagnostics.NETCore.Client.dll'
TpTrace Information: 0 : 6996, 1, 2024/11/26, 11:54:54.248, 4133932741783, vstest.console.dll, AssemblyResolver.OnResolve: Microsoft.Bcl.AsyncInterfaces: Resolving assembly.
TpTrace Information: 0 : 6996, 1, 2024/11/26, 11:54:54.248, 4133932742618, vstest.console.dll, AssemblyResolver.OnResolve: Microsoft.Bcl.AsyncInterfaces: Searching in: 'C:\Program Files\dotnet\sdk\8.0.403\Extensions'.
TpTrace Information: 0 : 6996, 1, 2024/11/26, 11:54:54.248, 4133932743272, vstest.console.dll, AssemblyResolver.OnResolve: Microsoft.Bcl.AsyncInterfaces: Assembly path does not exist: 'C:\Program Files\dotnet\sdk\8.0.403\Extensions\Microsoft.Bcl.AsyncInterfaces.dll', returning.
TpTrace Information: 0 : 6996, 1, 2024/11/26, 11:54:54.248, 4133932744100, vstest.console.dll, AssemblyResolver.OnResolve: Microsoft.Bcl.AsyncInterfaces: Assembly path does not exist: 'C:\Program Files\dotnet\sdk\8.0.403\Extensions\Microsoft.Bcl.AsyncInterfaces.exe', returning.
TpTrace Information: 0 : 6996, 1, 2024/11/26, 11:54:54.248, 4133932744402, vstest.console.dll, AssemblyResolver.OnResolve: Microsoft.Bcl.AsyncInterfaces: Searching in: 'C:\Program Files\dotnet\sdk\8.0.403'.
TpTrace Information: 0 : 6996, 1, 2024/11/26, 11:54:54.248, 4133932744934, vstest.console.dll, AssemblyResolver.OnResolve: Microsoft.Bcl.AsyncInterfaces: Assembly path does not exist: 'C:\Program Files\dotnet\sdk\8.0.403\Microsoft.Bcl.AsyncInterfaces.dll', returning.
TpTrace Information: 0 : 6996, 1, 2024/11/26, 11:54:54.248, 4133932745379, vstest.console.dll, AssemblyResolver.OnResolve: Microsoft.Bcl.AsyncInterfaces: Assembly path does not exist: 'C:\Program Files\dotnet\sdk\8.0.403\Microsoft.Bcl.AsyncInterfaces.exe', returning.
TpTrace Information: 0 : 6996, 1, 2024/11/26, 11:54:54.248, 4133932745610, vstest.console.dll, AssemblyResolver.OnResolve: Microsoft.Bcl.AsyncInterfaces: Failed to load assembly.
TpTrace Verbose: 0 : 6996, 1, 2024/11/26, 11:54:54.248, 4133932745877, vstest.console.dll, CurrentDomainAssemblyResolve: Resolving assembly 'Microsoft.Bcl.AsyncInterfaces'.
TpTrace Information: 0 : 6996, 1, 2024/11/26, 11:54:54.249, 4133932746496, vstest.console.dll, AssemblyResolver.OnResolve: Microsoft.Bcl.AsyncInterfaces: Resolving assembly.
TpTrace Information: 0 : 6996, 1, 2024/11/26, 11:54:54.249, 4133932746816, vstest.console.dll, AssemblyResolver.OnResolve: Microsoft.Bcl.AsyncInterfaces: Resolved from cache.
TpTrace Verbose: 0 : 6996, 1, 2024/11/26, 11:54:54.249, 4133932747029, vstest.console.dll, CurrentDomainAssemblyResolve: Resolving assembly 'Microsoft.Bcl.AsyncInterfaces'.
TpTrace Verbose: 0 : 6996, 1, 2024/11/26, 11:54:54.249, 4133932747288, vstest.console.dll, CurrentDomainAssemblyResolve: Failed to resolve assembly 'Microsoft.Bcl.AsyncInterfaces'.
TpTrace Verbose: 0 : 6996, 1, 2024/11/26, 11:54:54.249, 4133932753013, vstest.console.dll, CurrentDomainAssemblyResolve: Failed to resolve assembly 'Microsoft.Bcl.AsyncInterfaces'.
TpTrace Warning: 0 : 6996, 1, 2024/11/26, 11:54:54.257, 4133932835458, vstest.console.dll, TestPluginDiscoverer: Failed to get types from assembly 'Microsoft.Diagnostics.NETCore.Client, Version=0.2.10.30701, Culture=neutral, PublicKeyToken=31bf3856ad364e35'. Error: System.Reflection.ReflectionTypeLoadException: Unable to load one or more of the requested types.
Could not load file or assembly 'Microsoft.Bcl.AsyncInterfaces, Version=6.0.0.0, Culture=neutral, PublicKeyToken=cc7b13ffcd2ddd51'. Le fichier spécifié est introuvable.
   at System.Reflection.RuntimeModule.GetTypes(RuntimeModule module)
   at System.Reflection.RuntimeModule.GetTypes()
   at Microsoft.VisualStudio.TestPlatform.Common.ExtensionFramework.TestPluginDiscoverer.GetTestExtensionsFromAssembly[TPluginInfo,TExtension](Assembly assembly, Dictionary`2 pluginInfos, String filePath) in /_/src/Microsoft.TestPlatform.Common/ExtensionFramework/TestPluginDiscoverer.cs:line 158
System.IO.FileNotFoundException: Could not load file or assembly 'Microsoft.Bcl.AsyncInterfaces, Version=6.0.0.0, Culture=neutral, PublicKeyToken=cc7b13ffcd2ddd51'. Le fichier spécifié est introuvable.
File name: 'Microsoft.Bcl.AsyncInterfaces, Version=6.0.0.0, Culture=neutral, PublicKeyToken=cc7b13ffcd2ddd51'
 ---> System.IO.FileNotFoundException: Could not load file or assembly 'Microsoft.Bcl.AsyncInterfaces, Culture=neutral, PublicKeyToken=null'. Le fichier spécifié est introuvable.
File name: 'Microsoft.Bcl.AsyncInterfaces, Culture=neutral, PublicKeyToken=null'
   at System.Reflection.RuntimeAssembly.InternalLoad(AssemblyName assemblyName, StackCrawlMark& stackMark, AssemblyLoadContext assemblyLoadContext, RuntimeAssembly requestingAssembly, Boolean throwOnFileNotFound)
   at System.Reflection.Assembly.Load(AssemblyName assemblyRef)
   at Microsoft.VisualStudio.TestPlatform.Common.ExtensionFramework.TestPluginCache.CurrentDomainAssemblyResolve(Object sender, AssemblyResolveEventArgs args) in /_/src/Microsoft.TestPlatform.Common/ExtensionFramework/TestPluginCache.cs:line 513
   at System.Runtime.Loader.AssemblyLoadContext.GetFirstResolvedAssemblyFromResolvingEvent(AssemblyName assemblyName)
   at System.Runtime.Loader.AssemblyLoadContext.ResolveUsingEvent(AssemblyName assemblyName)
   at System.Runtime.Loader.AssemblyLoadContext.ResolveUsingResolvingEvent(IntPtr gchManagedAssemblyLoadContext, AssemblyName assemblyName)
TpTrace Warning: 0 : 6996, 1, 2024/11/26, 11:54:54.258, 4133932838606, vstest.console.dll, LoaderExceptions: System.IO.FileNotFoundException: Could not load file or assembly 'Microsoft.Bcl.AsyncInterfaces, Version=6.0.0.0, Culture=neutral, PublicKeyToken=cc7b13ffcd2ddd51'. Le fichier spécifié est introuvable.
File name: 'Microsoft.Bcl.AsyncInterfaces, Version=6.0.0.0, Culture=neutral, PublicKeyToken=cc7b13ffcd2ddd51'
 ---> System.IO.FileNotFoundException: Could not load file or assembly 'Microsoft.Bcl.AsyncInterfaces, Culture=neutral, PublicKeyToken=null'. Le fichier spécifié est introuvable.
File name: 'Microsoft.Bcl.AsyncInterfaces, Culture=neutral, PublicKeyToken=null'
   at System.Reflection.RuntimeAssembly.InternalLoad(AssemblyName assemblyName, StackCrawlMark& stackMark, AssemblyLoadContext assemblyLoadContext, RuntimeAssembly requestingAssembly, Boolean throwOnFileNotFound)
   at System.Reflection.Assembly.Load(AssemblyName assemblyRef)
   at Microsoft.VisualStudio.TestPlatform.Common.ExtensionFramework.TestPluginCache.CurrentDomainAssemblyResolve(Object sender, AssemblyResolveEventArgs args) in /_/src/Microsoft.TestPlatform.Common/ExtensionFramework/TestPluginCache.cs:line 513
   at System.Runtime.Loader.AssemblyLoadContext.GetFirstResolvedAssemblyFromResolvingEvent(AssemblyName assemblyName)
   at System.Runtime.Loader.AssemblyLoadContext.ResolveUsingEvent(AssemblyName assemblyName)
   at System.Runtime.Loader.AssemblyLoadContext.ResolveUsingResolvingEvent(IntPtr gchManagedAssemblyLoadContext, AssemblyName assemblyName)
TpTrace Information: 0 : 6996, 1, 2024/11/26, 11:54:54.258, 4133932839848, vstest.console.dll, AssemblyResolver.OnResolve: Microsoft.TestPlatform.Extensions.BlameDataCollector: Resolving assembly.
TpTrace Information: 0 : 6996, 1, 2024/11/26, 11:54:54.258, 4133932840293, vstest.console.dll, AssemblyResolver.OnResolve: Microsoft.TestPlatform.Extensions.BlameDataCollector: Searching in: 'C:\Program Files\dotnet\sdk\8.0.403\Extensions'.
TpTrace Information: 0 : 6996, 1, 2024/11/26, 11:54:54.259, 4133932846331, vstest.console.dll, AssemblyResolver.OnResolve: Microsoft.TestPlatform.Extensions.BlameDataCollector: Loading assembly 'C:\Program Files\dotnet\sdk\8.0.403\Extensions\Microsoft.TestPlatform.Extensions.BlameDataCollector.dll'.
TpTrace Information: 0 : 6996, 1, 2024/11/26, 11:54:54.259, 4133932852280, vstest.console.dll, AssemblyResolver.OnResolve: Resolved assembly: Microsoft.TestPlatform.Extensions.BlameDataCollector, from path: C:\Program Files\dotnet\sdk\8.0.403\Extensions\Microsoft.TestPlatform.Extensions.BlameDataCollector.dll
TpTrace Verbose: 0 : 6996, 1, 2024/11/26, 11:54:54.259, 4133932853005, vstest.console.dll, MetadataReaderExtensionsHelper: Discovering extensions inside assembly 'Microsoft.TestPlatform.Extensions.BlameDataCollector, Version=15.0.0.0, Culture=neutral, PublicKeyToken=b03f5f7f11d50a3a' file path 'C:\Program Files\dotnet\sdk\8.0.403\Extensions\Microsoft.TestPlatform.Extensions.BlameDataCollector.dll'
TpTrace Information: 0 : 6996, 1, 2024/11/26, 11:54:54.261, 4133932866249, vstest.console.dll, AssemblyResolver.OnResolve: Microsoft.TestPlatform.Extensions.EventLogCollector: Resolving assembly.
TpTrace Information: 0 : 6996, 1, 2024/11/26, 11:54:54.261, 4133932866944, vstest.console.dll, AssemblyResolver.OnResolve: Microsoft.TestPlatform.Extensions.EventLogCollector: Searching in: 'C:\Program Files\dotnet\sdk\8.0.403\Extensions'.
TpTrace Information: 0 : 6996, 1, 2024/11/26, 11:54:54.261, 4133932871411, vstest.console.dll, AssemblyResolver.OnResolve: Microsoft.TestPlatform.Extensions.EventLogCollector: Loading assembly 'C:\Program Files\dotnet\sdk\8.0.403\Extensions\Microsoft.TestPlatform.Extensions.EventLogCollector.dll'.
TpTrace Information: 0 : 6996, 1, 2024/11/26, 11:54:54.261, 4133932875638, vstest.console.dll, AssemblyResolver.OnResolve: Resolved assembly: Microsoft.TestPlatform.Extensions.EventLogCollector, from path: C:\Program Files\dotnet\sdk\8.0.403\Extensions\Microsoft.TestPlatform.Extensions.EventLogCollector.dll
TpTrace Verbose: 0 : 6996, 1, 2024/11/26, 11:54:54.262, 4133932876201, vstest.console.dll, MetadataReaderExtensionsHelper: Discovering extensions inside assembly 'Microsoft.TestPlatform.Extensions.EventLogCollector, Version=15.0.0.0, Culture=neutral, PublicKeyToken=b03f5f7f11d50a3a' file path 'C:\Program Files\dotnet\sdk\8.0.403\Extensions\Microsoft.TestPlatform.Extensions.EventLogCollector.dll'
TpTrace Information: 0 : 6996, 1, 2024/11/26, 11:54:54.263, 4133932892847, vstest.console.dll, AssemblyResolver.OnResolve: Microsoft.TestPlatform.TestHostRuntimeProvider: Resolving assembly.
TpTrace Information: 0 : 6996, 1, 2024/11/26, 11:54:54.263, 4133932893596, vstest.console.dll, AssemblyResolver.OnResolve: Microsoft.TestPlatform.TestHostRuntimeProvider: Searching in: 'C:\Program Files\dotnet\sdk\8.0.403\Extensions'.
TpTrace Information: 0 : 6996, 1, 2024/11/26, 11:54:54.264, 4133932897284, vstest.console.dll, AssemblyResolver.OnResolve: Microsoft.TestPlatform.TestHostRuntimeProvider: Loading assembly 'C:\Program Files\dotnet\sdk\8.0.403\Extensions\Microsoft.TestPlatform.TestHostRuntimeProvider.dll'.
TpTrace Information: 0 : 6996, 1, 2024/11/26, 11:54:54.264, 4133932902183, vstest.console.dll, AssemblyResolver.OnResolve: Resolved assembly: Microsoft.TestPlatform.TestHostRuntimeProvider, from path: C:\Program Files\dotnet\sdk\8.0.403\Extensions\Microsoft.TestPlatform.TestHostRuntimeProvider.dll
TpTrace Verbose: 0 : 6996, 1, 2024/11/26, 11:54:54.264, 4133932902867, vstest.console.dll, MetadataReaderExtensionsHelper: Discovering extensions inside assembly 'Microsoft.TestPlatform.TestHostRuntimeProvider, Version=15.0.0.0, Culture=neutral, PublicKeyToken=b03f5f7f11d50a3a' file path 'C:\Program Files\dotnet\sdk\8.0.403\Extensions\Microsoft.TestPlatform.TestHostRuntimeProvider.dll'
TpTrace Information: 0 : 6996, 1, 2024/11/26, 11:54:54.266, 4133932917115, vstest.console.dll, GetTestExtensionFromType: Register extension with identifier data 'HostProvider://DefaultTestHost' and type 'Microsoft.VisualStudio.TestPlatform.CrossPlatEngine.Hosting.DefaultTestHostManager, Microsoft.TestPlatform.TestHostRuntimeProvider, Version=15.0.0.0, Culture=neutral, PublicKeyToken=b03f5f7f11d50a3a' inside file 'C:\Program Files\dotnet\sdk\8.0.403\Extensions\Microsoft.TestPlatform.TestHostRuntimeProvider.dll'
TpTrace Information: 0 : 6996, 1, 2024/11/26, 11:54:54.266, 4133932919312, vstest.console.dll, GetTestExtensionFromType: Register extension with identifier data 'HostProvider://DotnetTestHost' and type 'Microsoft.VisualStudio.TestPlatform.CrossPlatEngine.Hosting.DotnetTestHostManager, Microsoft.TestPlatform.TestHostRuntimeProvider, Version=15.0.0.0, Culture=neutral, PublicKeyToken=b03f5f7f11d50a3a' inside file 'C:\Program Files\dotnet\sdk\8.0.403\Extensions\Microsoft.TestPlatform.TestHostRuntimeProvider.dll'
TpTrace Information: 0 : 6996, 1, 2024/11/26, 11:54:54.266, 4133932920173, vstest.console.dll, AssemblyResolver.OnResolve: Microsoft.VisualStudio.TestPlatform.Extensions.Html.TestLogger: Resolving assembly.
TpTrace Information: 0 : 6996, 1, 2024/11/26, 11:54:54.266, 4133932920589, vstest.console.dll, AssemblyResolver.OnResolve: Microsoft.VisualStudio.TestPlatform.Extensions.Html.TestLogger: Searching in: 'C:\Program Files\dotnet\sdk\8.0.403\Extensions'.
TpTrace Information: 0 : 6996, 1, 2024/11/26, 11:54:54.266, 4133932924882, vstest.console.dll, AssemblyResolver.OnResolve: Microsoft.VisualStudio.TestPlatform.Extensions.Html.TestLogger: Loading assembly 'C:\Program Files\dotnet\sdk\8.0.403\Extensions\Microsoft.VisualStudio.TestPlatform.Extensions.Html.TestLogger.dll'.
TpTrace Information: 0 : 6996, 1, 2024/11/26, 11:54:54.267, 4133932930176, vstest.console.dll, AssemblyResolver.OnResolve: Resolved assembly: Microsoft.VisualStudio.TestPlatform.Extensions.Html.TestLogger, from path: C:\Program Files\dotnet\sdk\8.0.403\Extensions\Microsoft.VisualStudio.TestPlatform.Extensions.Html.TestLogger.dll
TpTrace Verbose: 0 : 6996, 1, 2024/11/26, 11:54:54.267, 4133932930810, vstest.console.dll, MetadataReaderExtensionsHelper: Discovering extensions inside assembly 'Microsoft.VisualStudio.TestPlatform.Extensions.Html.TestLogger, Version=15.0.0.0, Culture=neutral, PublicKeyToken=b03f5f7f11d50a3a' file path 'C:\Program Files\dotnet\sdk\8.0.403\Extensions\Microsoft.VisualStudio.TestPlatform.Extensions.Html.TestLogger.dll'
TpTrace Information: 0 : 6996, 1, 2024/11/26, 11:54:54.268, 4133932938894, vstest.console.dll, AssemblyResolver.OnResolve: Microsoft.VisualStudio.TestPlatform.Extensions.Trx.TestLogger: Resolving assembly.
TpTrace Information: 0 : 6996, 1, 2024/11/26, 11:54:54.268, 4133932939514, vstest.console.dll, AssemblyResolver.OnResolve: Microsoft.VisualStudio.TestPlatform.Extensions.Trx.TestLogger: Searching in: 'C:\Program Files\dotnet\sdk\8.0.403\Extensions'.
TpTrace Information: 0 : 6996, 1, 2024/11/26, 11:54:54.268, 4133932943521, vstest.console.dll, AssemblyResolver.OnResolve: Microsoft.VisualStudio.TestPlatform.Extensions.Trx.TestLogger: Loading assembly 'C:\Program Files\dotnet\sdk\8.0.403\Extensions\Microsoft.VisualStudio.TestPlatform.Extensions.Trx.TestLogger.dll'.
TpTrace Information: 0 : 6996, 1, 2024/11/26, 11:54:54.269, 4133932949599, vstest.console.dll, AssemblyResolver.OnResolve: Resolved assembly: Microsoft.VisualStudio.TestPlatform.Extensions.Trx.TestLogger, from path: C:\Program Files\dotnet\sdk\8.0.403\Extensions\Microsoft.VisualStudio.TestPlatform.Extensions.Trx.TestLogger.dll
TpTrace Verbose: 0 : 6996, 1, 2024/11/26, 11:54:54.269, 4133932950191, vstest.console.dll, MetadataReaderExtensionsHelper: Discovering extensions inside assembly 'Microsoft.VisualStudio.TestPlatform.Extensions.Trx.TestLogger, Version=15.0.0.0, Culture=neutral, PublicKeyToken=b03f5f7f11d50a3a' file path 'C:\Program Files\dotnet\sdk\8.0.403\Extensions\Microsoft.VisualStudio.TestPlatform.Extensions.Trx.TestLogger.dll'
TpTrace Verbose: 0 : 6996, 1, 2024/11/26, 11:54:54.270, 4133932960024, vstest.console.dll, TestPluginCache: Discovered the extensions using extension path ''.
TpTrace Verbose: 0 : 6996, 1, 2024/11/26, 11:54:54.270, 4133932960620, vstest.console.dll, TestPluginCache: Discoverers are ''.
TpTrace Verbose: 0 : 6996, 1, 2024/11/26, 11:54:54.270, 4133932960930, vstest.console.dll, TestPluginCache: Executors are ''.
TpTrace Verbose: 0 : 6996, 1, 2024/11/26, 11:54:54.270, 4133932961138, vstest.console.dll, TestPluginCache: Executors2 are ''.
TpTrace Verbose: 0 : 6996, 1, 2024/11/26, 11:54:54.270, 4133932961328, vstest.console.dll, TestPluginCache: Setting providers are ''.
TpTrace Verbose: 0 : 6996, 1, 2024/11/26, 11:54:54.270, 4133932961507, vstest.console.dll, TestPluginCache: Loggers are ''.
TpTrace Verbose: 0 : 6996, 1, 2024/11/26, 11:54:54.270, 4133932963217, vstest.console.dll, TestPluginCache: TestHosts are 'HostProvider://DefaultTestHost,HostProvider://DotnetTestHost'.
TpTrace Verbose: 0 : 6996, 1, 2024/11/26, 11:54:54.270, 4133932963552, vstest.console.dll, TestPluginCache: DataCollectors are ''.
TpTrace Information: 0 : 6996, 1, 2024/11/26, 11:54:54.283, 4133933087132, vstest.console.dll, RunTestsArgumentProcessor:Execute: Test run is starting.
TpTrace Verbose: 0 : 6996, 1, 2024/11/26, 11:54:54.283, 4133933087840, vstest.console.dll, RunTestsArgumentProcessor:Execute: Queuing Test run.
TpTrace Information: 0 : 6996, 1, 2024/11/26, 11:54:54.283, 4133933090065, vstest.console.dll, TestRequestManager.RunTests: run tests started.
TpTrace Information: 0 : 6996, 1, 2024/11/26, 11:54:54.284, 4133933100878, vstest.console.dll, AssemblyMetadataProvider.GetFrameworkName: Determined framework:'.NETCoreApp,Version=v8.0' for source: 'C:\Users\David Abruzzo\source\repos\Back-end.NET_API_REST\FindexiumInfrastructure.tests\bin\Debug\net8.0\fine-code-coverage\build-output\FindexiumInfrastructure.tests.dll'
TpTrace Information: 0 : 6996, 1, 2024/11/26, 11:54:54.284, 4133933102419, vstest.console.dll, Determined framework for all sources: .NETCoreApp,Version=v8.0
TpTrace Verbose: 0 : 6996, 1, 2024/11/26, 11:54:54.284, 4133933105390, vstest.console.dll, TestRequestManager.UpdateRunSettingsIfRequired: Default architecture: X64 IsDefaultTargetArchitecture: True, Current process architecture: X64 OperatingSystem: Windows.
TpTrace Information: 0 : 6996, 1, 2024/11/26, 11:54:54.286, 4133933119825, vstest.console.dll, AssemblyMetadataProvider.GetArchitecture: Determined architecture:AnyCPU info for assembly: C:\Users\David Abruzzo\source\repos\Back-end.NET_API_REST\FindexiumInfrastructure.tests\bin\Debug\net8.0\fine-code-coverage\build-output\FindexiumInfrastructure.tests.dll
TpTrace Information: 0 : 6996, 1, 2024/11/26, 11:54:54.286, 4133933120328, vstest.console.dll, Determined platform for source 'C:\Users\David Abruzzo\source\repos\Back-end.NET_API_REST\FindexiumInfrastructure.tests\bin\Debug\net8.0\fine-code-coverage\build-output\FindexiumInfrastructure.tests.dll' was AnyCPU and it will use the default plaform X64.
TpTrace Information: 0 : 6996, 1, 2024/11/26, 11:54:54.286, 4133933120564, vstest.console.dll, None of the sources provided any runnable platform, using the default platform: X64
TpTrace Information: 0 : 6996, 1, 2024/11/26, 11:54:54.286, 4133933121254, vstest.console.dll, Platform was updated to 'X64'.
TpTrace Information: 0 : 6996, 1, 2024/11/26, 11:54:54.289, 4133933150589, vstest.console.dll, InferRunSettingsHelper.IsTestSettingsEnabled: Unable to navigate to RunSettings/MSTest. Current node: RunSettings
TpTrace Information: 0 : 6996, 1, 2024/11/26, 11:54:54.290, 4133933156742, vstest.console.dll, AssemblyResolver.OnResolve: Microsoft.VisualStudio.TestPlatform.Fakes: Resolving assembly.
TpTrace Information: 0 : 6996, 1, 2024/11/26, 11:54:54.290, 4133933157521, vstest.console.dll, AssemblyResolver.OnResolve: Microsoft.VisualStudio.TestPlatform.Fakes: Searching in: 'C:\Program Files\dotnet\sdk\8.0.403\Extensions'.
TpTrace Information: 0 : 6996, 1, 2024/11/26, 11:54:54.290, 4133933158265, vstest.console.dll, AssemblyResolver.OnResolve: Microsoft.VisualStudio.TestPlatform.Fakes: Assembly path does not exist: 'C:\Program Files\dotnet\sdk\8.0.403\Extensions\Microsoft.VisualStudio.TestPlatform.Fakes.dll', returning.
TpTrace Information: 0 : 6996, 1, 2024/11/26, 11:54:54.290, 4133933158790, vstest.console.dll, AssemblyResolver.OnResolve: Microsoft.VisualStudio.TestPlatform.Fakes: Assembly path does not exist: 'C:\Program Files\dotnet\sdk\8.0.403\Extensions\Microsoft.VisualStudio.TestPlatform.Fakes.exe', returning.
TpTrace Information: 0 : 6996, 1, 2024/11/26, 11:54:54.290, 4133933159047, vstest.console.dll, AssemblyResolver.OnResolve: Microsoft.VisualStudio.TestPlatform.Fakes: Searching in: 'C:\Program Files\dotnet\sdk\8.0.403'.
TpTrace Information: 0 : 6996, 1, 2024/11/26, 11:54:54.290, 4133933159502, vstest.console.dll, AssemblyResolver.OnResolve: Microsoft.VisualStudio.TestPlatform.Fakes: Assembly path does not exist: 'C:\Program Files\dotnet\sdk\8.0.403\Microsoft.VisualStudio.TestPlatform.Fakes.dll', returning.
TpTrace Information: 0 : 6996, 1, 2024/11/26, 11:54:54.290, 4133933159928, vstest.console.dll, AssemblyResolver.OnResolve: Microsoft.VisualStudio.TestPlatform.Fakes: Assembly path does not exist: 'C:\Program Files\dotnet\sdk\8.0.403\Microsoft.VisualStudio.TestPlatform.Fakes.exe', returning.
TpTrace Information: 0 : 6996, 1, 2024/11/26, 11:54:54.290, 4133933160198, vstest.console.dll, AssemblyResolver.OnResolve: Microsoft.VisualStudio.TestPlatform.Fakes: Failed to load assembly.
TpTrace Information: 0 : 6996, 1, 2024/11/26, 11:54:54.290, 4133933162560, vstest.console.dll, Failed to load assembly Microsoft.VisualStudio.TestPlatform.Fakes, Version=17.0.0.0, Culture=neutral. Reason:System.IO.FileNotFoundException: Could not load file or assembly 'Microsoft.VisualStudio.TestPlatform.Fakes, Version=17.0.0.0, Culture=neutral, PublicKeyToken=null'. Le fichier spécifié est introuvable.
File name: 'Microsoft.VisualStudio.TestPlatform.Fakes, Version=17.0.0.0, Culture=neutral, PublicKeyToken=null'
   at System.Reflection.RuntimeAssembly.InternalLoad(AssemblyName assemblyName, StackCrawlMark& stackMark, AssemblyLoadContext assemblyLoadContext, RuntimeAssembly requestingAssembly, Boolean throwOnFileNotFound)
   at System.Reflection.Assembly.Load(AssemblyName assemblyRef)
   at Microsoft.VisualStudio.TestPlatform.Common.Utilities.FakesUtilities.LoadTestPlatformAssembly() in /_/src/Microsoft.TestPlatform.Common/Utilities/FakesUtilities.cs:line 272
TpTrace Verbose: 0 : 6996, 1, 2024/11/26, 11:54:54.293, 4133933191206, vstest.console.dll, TestPluginCache.DiscoverTestExtensions: finding test extensions in assemblies ends with: TestLogger.dll TPluginInfo: Microsoft.VisualStudio.TestPlatform.Common.ExtensionFramework.Utilities.TestLoggerPluginInformation TExtension: Microsoft.VisualStudio.TestPlatform.ObjectModel.Client.ITestLogger
TpTrace Verbose: 0 : 6996, 1, 2024/11/26, 11:54:54.293, 4133933192018, vstest.console.dll, TestPluginCache.GetExtensionPaths: Filtered extension paths: 
TpTrace Verbose: 0 : 6996, 1, 2024/11/26, 11:54:54.293, 4133933192320, vstest.console.dll, TestPluginCache.GetExtensionPaths: Added default extension paths: C:\Program Files\dotnet\sdk\8.0.403\Extensions\Microsoft.Diagnostics.NETCore.Client.dll
C:\Program Files\dotnet\sdk\8.0.403\Extensions\Microsoft.TestPlatform.Extensions.BlameDataCollector.dll
C:\Program Files\dotnet\sdk\8.0.403\Extensions\Microsoft.TestPlatform.Extensions.EventLogCollector.dll
C:\Program Files\dotnet\sdk\8.0.403\Extensions\Microsoft.TestPlatform.TestHostRuntimeProvider.dll
C:\Program Files\dotnet\sdk\8.0.403\Extensions\Microsoft.VisualStudio.TestPlatform.Extensions.Html.TestLogger.dll
C:\Program Files\dotnet\sdk\8.0.403\Extensions\Microsoft.VisualStudio.TestPlatform.Extensions.Trx.TestLogger.dll
TpTrace Verbose: 0 : 6996, 1, 2024/11/26, 11:54:54.293, 4133933192546, vstest.console.dll, TestPluginCache.GetExtensionPaths: Added unfilterableExtensionPaths: 
TpTrace Information: 0 : 6996, 1, 2024/11/26, 11:54:54.293, 4133933193539, vstest.console.dll, AssemblyResolver.AddSearchDirectories: Adding more searchDirectories C:\Program Files\dotnet\sdk\8.0.403\Extensions,C:\Program Files\dotnet\sdk\8.0.403
TpTrace Verbose: 0 : 6996, 1, 2024/11/26, 11:54:54.293, 4133933193898, vstest.console.dll, TestPluginCache.DiscoverTestExtensions: Discovering the extensions using extension path.
TpTrace Verbose: 0 : 6996, 1, 2024/11/26, 11:54:54.293, 4133933194177, vstest.console.dll, TestPluginCache.GetExtensionPaths: Filtered extension paths: 
TpTrace Verbose: 0 : 6996, 1, 2024/11/26, 11:54:54.293, 4133933194432, vstest.console.dll, TestPluginCache.GetExtensionPaths: Added default extension paths: C:\Program Files\dotnet\sdk\8.0.403\Extensions\Microsoft.Diagnostics.NETCore.Client.dll
C:\Program Files\dotnet\sdk\8.0.403\Extensions\Microsoft.TestPlatform.Extensions.BlameDataCollector.dll
C:\Program Files\dotnet\sdk\8.0.403\Extensions\Microsoft.TestPlatform.Extensions.EventLogCollector.dll
C:\Program Files\dotnet\sdk\8.0.403\Extensions\Microsoft.TestPlatform.TestHostRuntimeProvider.dll
C:\Program Files\dotnet\sdk\8.0.403\Extensions\Microsoft.VisualStudio.TestPlatform.Extensions.Html.TestLogger.dll
C:\Program Files\dotnet\sdk\8.0.403\Extensions\Microsoft.VisualStudio.TestPlatform.Extensions.Trx.TestLogger.dll
TpTrace Verbose: 0 : 6996, 1, 2024/11/26, 11:54:54.293, 4133933194651, vstest.console.dll, TestPluginCache.GetExtensionPaths: Added unfilterableExtensionPaths: 
TpTrace Verbose: 0 : 6996, 1, 2024/11/26, 11:54:54.293, 4133933195002, vstest.console.dll, TestPluginCache.DiscoverTestExtensions: Discovering the extensions using allExtensionPaths: C:\Program Files\dotnet\sdk\8.0.403\Extensions\Microsoft.Diagnostics.NETCore.Client.dll
C:\Program Files\dotnet\sdk\8.0.403\Extensions\Microsoft.TestPlatform.Extensions.BlameDataCollector.dll
C:\Program Files\dotnet\sdk\8.0.403\Extensions\Microsoft.TestPlatform.Extensions.EventLogCollector.dll
C:\Program Files\dotnet\sdk\8.0.403\Extensions\Microsoft.TestPlatform.TestHostRuntimeProvider.dll
C:\Program Files\dotnet\sdk\8.0.403\Extensions\Microsoft.VisualStudio.TestPlatform.Extensions.Html.TestLogger.dll
C:\Program Files\dotnet\sdk\8.0.403\Extensions\Microsoft.VisualStudio.TestPlatform.Extensions.Trx.TestLogger.dll
TpTrace Information: 0 : 6996, 1, 2024/11/26, 11:54:54.293, 4133933195408, vstest.console.dll, AssemblyResolver.AddSearchDirectories: Adding more searchDirectories C:\Program Files\dotnet\sdk\8.0.403\Extensions,C:\Program Files\dotnet\sdk\8.0.403
TpTrace Information: 0 : 6996, 1, 2024/11/26, 11:54:54.293, 4133933195714, vstest.console.dll, AssemblyResolver.AddSearchDirectories: Adding more searchDirectories C:\Program Files\dotnet\sdk\8.0.403\Extensions,C:\Program Files\dotnet\sdk\8.0.403
TpTrace Information: 0 : 6996, 1, 2024/11/26, 11:54:54.293, 4133933195965, vstest.console.dll, AssemblyResolver.AddSearchDirectories: Adding more searchDirectories C:\Program Files\dotnet\sdk\8.0.403\Extensions,C:\Program Files\dotnet\sdk\8.0.403
TpTrace Information: 0 : 6996, 1, 2024/11/26, 11:54:54.294, 4133933196201, vstest.console.dll, AssemblyResolver.AddSearchDirectories: Adding more searchDirectories C:\Program Files\dotnet\sdk\8.0.403\Extensions,C:\Program Files\dotnet\sdk\8.0.403
TpTrace Information: 0 : 6996, 1, 2024/11/26, 11:54:54.294, 4133933196428, vstest.console.dll, AssemblyResolver.AddSearchDirectories: Adding more searchDirectories C:\Program Files\dotnet\sdk\8.0.403\Extensions,C:\Program Files\dotnet\sdk\8.0.403
TpTrace Information: 0 : 6996, 1, 2024/11/26, 11:54:54.294, 4133933196724, vstest.console.dll, AssemblyResolver.AddSearchDirectories: Adding more searchDirectories C:\Program Files\dotnet\sdk\8.0.403\Extensions,C:\Program Files\dotnet\sdk\8.0.403
TpTrace Verbose: 0 : 6996, 1, 2024/11/26, 11:54:54.294, 4133933197567, vstest.console.dll, MetadataReaderExtensionsHelper: Discovering extensions inside assembly 'Microsoft.Diagnostics.NETCore.Client, Version=0.2.10.30701, Culture=neutral, PublicKeyToken=31bf3856ad364e35' file path 'C:\Program Files\dotnet\sdk\8.0.403\Extensions\Microsoft.Diagnostics.NETCore.Client.dll'
TpTrace Information: 0 : 6996, 1, 2024/11/26, 11:54:54.294, 4133933205632, vstest.console.dll, AssemblyResolver.OnResolve: Microsoft.Bcl.AsyncInterfaces: Resolving assembly.
TpTrace Information: 0 : 6996, 1, 2024/11/26, 11:54:54.294, 4133933206164, vstest.console.dll, AssemblyResolver.OnResolve: Microsoft.Bcl.AsyncInterfaces: Resolved from cache.
TpTrace Verbose: 0 : 6996, 1, 2024/11/26, 11:54:54.295, 4133933206403, vstest.console.dll, CurrentDomainAssemblyResolve: Resolving assembly 'Microsoft.Bcl.AsyncInterfaces'.
TpTrace Information: 0 : 6996, 1, 2024/11/26, 11:54:54.295, 4133933206776, vstest.console.dll, AssemblyResolver.OnResolve: Microsoft.Bcl.AsyncInterfaces: Resolving assembly.
TpTrace Information: 0 : 6996, 1, 2024/11/26, 11:54:54.295, 4133933207039, vstest.console.dll, AssemblyResolver.OnResolve: Microsoft.Bcl.AsyncInterfaces: Resolved from cache.
TpTrace Verbose: 0 : 6996, 1, 2024/11/26, 11:54:54.295, 4133933207245, vstest.console.dll, CurrentDomainAssemblyResolve: Resolving assembly 'Microsoft.Bcl.AsyncInterfaces'.
TpTrace Verbose: 0 : 6996, 1, 2024/11/26, 11:54:54.295, 4133933207441, vstest.console.dll, CurrentDomainAssemblyResolve: Failed to resolve assembly 'Microsoft.Bcl.AsyncInterfaces'.
TpTrace Verbose: 0 : 6996, 1, 2024/11/26, 11:54:54.295, 4133933208642, vstest.console.dll, CurrentDomainAssemblyResolve: Failed to resolve assembly 'Microsoft.Bcl.AsyncInterfaces'.
TpTrace Warning: 0 : 6996, 1, 2024/11/26, 11:54:54.295, 4133933211542, vstest.console.dll, TestPluginDiscoverer: Failed to get types from assembly 'Microsoft.Diagnostics.NETCore.Client, Version=0.2.10.30701, Culture=neutral, PublicKeyToken=31bf3856ad364e35'. Error: System.Reflection.ReflectionTypeLoadException: Unable to load one or more of the requested types.
Could not load file or assembly 'Microsoft.Bcl.AsyncInterfaces, Version=6.0.0.0, Culture=neutral, PublicKeyToken=cc7b13ffcd2ddd51'. Le fichier spécifié est introuvable.
   at System.Reflection.RuntimeModule.GetTypes(RuntimeModule module)
   at System.Reflection.RuntimeModule.GetTypes()
   at Microsoft.VisualStudio.TestPlatform.Common.ExtensionFramework.TestPluginDiscoverer.GetTestExtensionsFromAssembly[TPluginInfo,TExtension](Assembly assembly, Dictionary`2 pluginInfos, String filePath) in /_/src/Microsoft.TestPlatform.Common/ExtensionFramework/TestPluginDiscoverer.cs:line 158
System.IO.FileNotFoundException: Could not load file or assembly 'Microsoft.Bcl.AsyncInterfaces, Version=6.0.0.0, Culture=neutral, PublicKeyToken=cc7b13ffcd2ddd51'. Le fichier spécifié est introuvable.
File name: 'Microsoft.Bcl.AsyncInterfaces, Version=6.0.0.0, Culture=neutral, PublicKeyToken=cc7b13ffcd2ddd51'
 ---> System.IO.FileNotFoundException: Could not load file or assembly 'Microsoft.Bcl.AsyncInterfaces, Culture=neutral, PublicKeyToken=null'. Le fichier spécifié est introuvable.
File name: 'Microsoft.Bcl.AsyncInterfaces, Culture=neutral, PublicKeyToken=null'
   at System.Reflection.RuntimeAssembly.InternalLoad(AssemblyName assemblyName, StackCrawlMark& stackMark, AssemblyLoadContext assemblyLoadContext, RuntimeAssembly requestingAssembly, Boolean throwOnFileNotFound)
   at System.Reflection.Assembly.Load(AssemblyName assemblyRef)
   at Microsoft.VisualStudio.TestPlatform.Common.ExtensionFramework.TestPluginCache.CurrentDomainAssemblyResolve(Object sender, AssemblyResolveEventArgs args) in /_/src/Microsoft.TestPlatform.Common/ExtensionFramework/TestPluginCache.cs:line 513
   at System.Runtime.Loader.AssemblyLoadContext.GetFirstResolvedAssemblyFromResolvingEvent(AssemblyName assemblyName)
   at System.Runtime.Loader.AssemblyLoadContext.ResolveUsingEvent(AssemblyName assemblyName)
   at System.Runtime.Loader.AssemblyLoadContext.ResolveUsingResolvingEvent(IntPtr gchManagedAssemblyLoadContext, AssemblyName assemblyName)
TpTrace Warning: 0 : 6996, 1, 2024/11/26, 11:54:54.295, 4133933212864, vstest.console.dll, LoaderExceptions: System.IO.FileNotFoundException: Could not load file or assembly 'Microsoft.Bcl.AsyncInterfaces, Version=6.0.0.0, Culture=neutral, PublicKeyToken=cc7b13ffcd2ddd51'. Le fichier spécifié est introuvable.
File name: 'Microsoft.Bcl.AsyncInterfaces, Version=6.0.0.0, Culture=neutral, PublicKeyToken=cc7b13ffcd2ddd51'
 ---> System.IO.FileNotFoundException: Could not load file or assembly 'Microsoft.Bcl.AsyncInterfaces, Culture=neutral, PublicKeyToken=null'. Le fichier spécifié est introuvable.
File name: 'Microsoft.Bcl.AsyncInterfaces, Culture=neutral, PublicKeyToken=null'
   at System.Reflection.RuntimeAssembly.InternalLoad(AssemblyName assemblyName, StackCrawlMark& stackMark, AssemblyLoadContext assemblyLoadContext, RuntimeAssembly requestingAssembly, Boolean throwOnFileNotFound)
   at System.Reflection.Assembly.Load(AssemblyName assemblyRef)
   at Microsoft.VisualStudio.TestPlatform.Common.ExtensionFramework.TestPluginCache.CurrentDomainAssemblyResolve(Object sender, AssemblyResolveEventArgs args) in /_/src/Microsoft.TestPlatform.Common/ExtensionFramework/TestPluginCache.cs:line 513
   at System.Runtime.Loader.AssemblyLoadContext.GetFirstResolvedAssemblyFromResolvingEvent(AssemblyName assemblyName)
   at System.Runtime.Loader.AssemblyLoadContext.ResolveUsingEvent(AssemblyName assemblyName)
   at System.Runtime.Loader.AssemblyLoadContext.ResolveUsingResolvingEvent(IntPtr gchManagedAssemblyLoadContext, AssemblyName assemblyName)
TpTrace Verbose: 0 : 6996, 1, 2024/11/26, 11:54:54.295, 4133933213611, vstest.console.dll, MetadataReaderExtensionsHelper: Discovering extensions inside assembly 'Microsoft.TestPlatform.Extensions.BlameDataCollector, Version=15.0.0.0, Culture=neutral, PublicKeyToken=b03f5f7f11d50a3a' file path 'C:\Program Files\dotnet\sdk\8.0.403\Extensions\Microsoft.TestPlatform.Extensions.BlameDataCollector.dll'
TpTrace Information: 0 : 6996, 1, 2024/11/26, 11:54:54.296, 4133933218920, vstest.console.dll, GetTestExtensionFromType: Register extension with identifier data 'logger://Microsoft/TestPlatform/Extensions/Blame/v1' and type 'Microsoft.TestPlatform.Extensions.BlameDataCollector.BlameLogger, Microsoft.TestPlatform.Extensions.BlameDataCollector, Version=15.0.0.0, Culture=neutral, PublicKeyToken=b03f5f7f11d50a3a' inside file 'C:\Program Files\dotnet\sdk\8.0.403\Extensions\Microsoft.TestPlatform.Extensions.BlameDataCollector.dll'
TpTrace Verbose: 0 : 6996, 1, 2024/11/26, 11:54:54.296, 4133933219437, vstest.console.dll, MetadataReaderExtensionsHelper: Discovering extensions inside assembly 'Microsoft.TestPlatform.Extensions.EventLogCollector, Version=15.0.0.0, Culture=neutral, PublicKeyToken=b03f5f7f11d50a3a' file path 'C:\Program Files\dotnet\sdk\8.0.403\Extensions\Microsoft.TestPlatform.Extensions.EventLogCollector.dll'
TpTrace Verbose: 0 : 6996, 1, 2024/11/26, 11:54:54.296, 4133933222937, vstest.console.dll, MetadataReaderExtensionsHelper: Discovering extensions inside assembly 'Microsoft.TestPlatform.TestHostRuntimeProvider, Version=15.0.0.0, Culture=neutral, PublicKeyToken=b03f5f7f11d50a3a' file path 'C:\Program Files\dotnet\sdk\8.0.403\Extensions\Microsoft.TestPlatform.TestHostRuntimeProvider.dll'
TpTrace Verbose: 0 : 6996, 1, 2024/11/26, 11:54:54.297, 4133933226332, vstest.console.dll, MetadataReaderExtensionsHelper: Discovering extensions inside assembly 'Microsoft.VisualStudio.TestPlatform.Extensions.Html.TestLogger, Version=15.0.0.0, Culture=neutral, PublicKeyToken=b03f5f7f11d50a3a' file path 'C:\Program Files\dotnet\sdk\8.0.403\Extensions\Microsoft.VisualStudio.TestPlatform.Extensions.Html.TestLogger.dll'
TpTrace Information: 0 : 6996, 1, 2024/11/26, 11:54:54.297, 4133933231795, vstest.console.dll, GetTestExtensionFromType: Register extension with identifier data 'logger://Microsoft/TestPlatform/HtmlLogger/v1' and type 'Microsoft.VisualStudio.TestPlatform.Extensions.HtmlLogger.HtmlLogger, Microsoft.VisualStudio.TestPlatform.Extensions.Html.TestLogger, Version=15.0.0.0, Culture=neutral, PublicKeyToken=b03f5f7f11d50a3a' inside file 'C:\Program Files\dotnet\sdk\8.0.403\Extensions\Microsoft.VisualStudio.TestPlatform.Extensions.Html.TestLogger.dll'
TpTrace Verbose: 0 : 6996, 1, 2024/11/26, 11:54:54.297, 4133933232321, vstest.console.dll, MetadataReaderExtensionsHelper: Discovering extensions inside assembly 'Microsoft.VisualStudio.TestPlatform.Extensions.Trx.TestLogger, Version=15.0.0.0, Culture=neutral, PublicKeyToken=b03f5f7f11d50a3a' file path 'C:\Program Files\dotnet\sdk\8.0.403\Extensions\Microsoft.VisualStudio.TestPlatform.Extensions.Trx.TestLogger.dll'
TpTrace Information: 0 : 6996, 1, 2024/11/26, 11:54:54.298, 4133933236432, vstest.console.dll, GetTestExtensionFromType: Register extension with identifier data 'logger://Microsoft/TestPlatform/TrxLogger/v1' and type 'Microsoft.VisualStudio.TestPlatform.Extensions.TrxLogger.TrxLogger, Microsoft.VisualStudio.TestPlatform.Extensions.Trx.TestLogger, Version=15.0.0.0, Culture=neutral, PublicKeyToken=b03f5f7f11d50a3a' inside file 'C:\Program Files\dotnet\sdk\8.0.403\Extensions\Microsoft.VisualStudio.TestPlatform.Extensions.Trx.TestLogger.dll'
TpTrace Verbose: 0 : 6996, 1, 2024/11/26, 11:54:54.298, 4133933236995, vstest.console.dll, TestPluginCache: Discovered the extensions using extension path ''.
TpTrace Verbose: 0 : 6996, 1, 2024/11/26, 11:54:54.298, 4133933237306, vstest.console.dll, TestPluginCache: Discoverers are ''.
TpTrace Verbose: 0 : 6996, 1, 2024/11/26, 11:54:54.298, 4133933237503, vstest.console.dll, TestPluginCache: Executors are ''.
TpTrace Verbose: 0 : 6996, 1, 2024/11/26, 11:54:54.298, 4133933237686, vstest.console.dll, TestPluginCache: Executors2 are ''.
TpTrace Verbose: 0 : 6996, 1, 2024/11/26, 11:54:54.298, 4133933237870, vstest.console.dll, TestPluginCache: Setting providers are ''.
TpTrace Verbose: 0 : 6996, 1, 2024/11/26, 11:54:54.298, 4133933238438, vstest.console.dll, TestPluginCache: Loggers are 'logger://Microsoft/TestPlatform/Extensions/Blame/v1,logger://Microsoft/TestPlatform/HtmlLogger/v1,logger://Microsoft/TestPlatform/TrxLogger/v1'.
TpTrace Verbose: 0 : 6996, 1, 2024/11/26, 11:54:54.298, 4133933238834, vstest.console.dll, TestPluginCache: TestHosts are 'HostProvider://DefaultTestHost,HostProvider://DotnetTestHost'.
TpTrace Verbose: 0 : 6996, 1, 2024/11/26, 11:54:54.298, 4133933239089, vstest.console.dll, TestPluginCache: DataCollectors are ''.
TpTrace Information: 0 : 6996, 1, 2024/11/26, 11:54:54.299, 4133933246281, vstest.console.dll, TestPluginManager.CreateTestExtension: Attempting to load test extension: Microsoft.TestPlatform.Extensions.BlameDataCollector.BlameLogger
TpTrace Verbose: 0 : 6996, 1, 2024/11/26, 11:54:54.305, 4133933310773, vstest.console.dll, TestEngine: Initializing Parallel Execution as MaxCpuCount is set to: 1
TpTrace Information: 0 : 6996, 1, 2024/11/26, 11:54:54.307, 4133933329843, vstest.console.dll, TestPluginManager.CreateTestExtension: Attempting to load test extension: Microsoft.VisualStudio.TestPlatform.CrossPlatEngine.Hosting.DefaultTestHostManager
TpTrace Information: 0 : 6996, 1, 2024/11/26, 11:54:54.307, 4133933336154, vstest.console.dll, TestPluginManager.CreateTestExtension: Attempting to load test extension: Microsoft.VisualStudio.TestPlatform.CrossPlatEngine.Hosting.DotnetTestHostManager
TpTrace Verbose: 0 : 6996, 1, 2024/11/26, 11:54:54.308, 4133933338197, vstest.console.dll, TestHostManagerCallbacks.ctor: Forwarding output is enabled.
TpTrace Information: 0 : 6996, 1, 2024/11/26, 11:54:54.308, 4133933341850, vstest.console.dll, InferRunSettingsHelper.IsTestSettingsEnabled: Unable to navigate to RunSettings/MSTest. Current node: RunSettings
TpTrace Verbose: 0 : 6996, 1, 2024/11/26, 11:54:54.309, 4133933346250, vstest.console.dll, ParallelOperationManager.ClearSlots: Clearing all slots. Slots should accept more work: True
TpTrace Verbose: 0 : 6996, 1, 2024/11/26, 11:54:54.309, 4133933352078, vstest.console.dll, ParallelOperationManager.SetOccupiedSlotCount: Setting slot counts AvailableSlotCount = 1, OccupiedSlotCount = 0.
TpTrace Verbose: 0 : 6996, 1, 2024/11/26, 11:54:54.309, 4133933355058, vstest.console.dll, Occupied slots:

TpTrace Verbose: 0 : 6996, 1, 2024/11/26, 11:54:54.312, 4133933385341, vstest.console.dll, TestEngine.GetExecutionManager: Chosen execution manager 'Microsoft.VisualStudio.TestPlatform.CrossPlatEngine.Client.Parallel.ParallelProxyExecutionManager, Microsoft.TestPlatform.CrossPlatEngine, Version=15.0.0.0, Culture=neutral, PublicKeyToken=b03f5f7f11d50a3a' ParallelLevel '1'.
TpTrace Verbose: 0 : 6996, 1, 2024/11/26, 11:54:54.313, 4133933386771, vstest.console.dll, TestPlatform.GetSkipDefaultAdapters: Not skipping default adapters SkipDefaultAdapters was false.
TpTrace Verbose: 0 : 6996, 1, 2024/11/26, 11:54:54.313, 4133933387534, vstest.console.dll, TestRunRequest.ExecuteAsync: Creating test run request.
TpTrace Verbose: 0 : 6996, 1, 2024/11/26, 11:54:54.313, 4133933389379, vstest.console.dll, TestRunRequest.ExecuteAsync: Starting.
TpTrace Information: 0 : 6996, 1, 2024/11/26, 11:54:54.314, 4133933401050, vstest.console.dll, TestRunRequest.ExecuteAsync: Starting run with settings:TestRunCriteria:
   KeepAlive=False,FrequencyOfRunStatsChangeEvent=10,RunStatsChangeEventTimeout=00:00:01.5000000,TestCaseFilter=,TestExecutorLauncher=
   Settingsxml=<RunSettings>
  <RunConfiguration>
    <ResultsDirectory>C:\Users\David Abruzzo\source\repos\Back-end.NET_API_REST\FindexiumInfrastructure.tests\bin\Debug\net8.0\fine-code-coverage\coverage-tool-output</ResultsDirectory>
    <TargetPlatform>X64</TargetPlatform>
    <TargetFrameworkVersion>.NETCoreApp,Version=v8.0</TargetFrameworkVersion>
    <DesignMode>False</DesignMode>
    <CollectSourceInformation>False</CollectSourceInformation>
  </RunConfiguration>
  <LoggerRunSettings>
    <Loggers>
      <Logger friendlyName="blame" enabled="True" />
      <Logger friendlyName="Console" uri="logger://microsoft/TestPlatform/ConsoleLogger/v1" assemblyQualifiedName="Microsoft.VisualStudio.TestPlatform.CommandLine.Internal.ConsoleLogger, vstest.console, Version=15.0.0.0, Culture=neutral, PublicKeyToken=b03f5f7f11d50a3a" codeBase="C:\Program Files\dotnet\sdk\8.0.403\vstest.console.dll" enabled="True" />
    </Loggers>
  </LoggerRunSettings>
  <DataCollectionRunSettings>
    <DataCollectors>
      <DataCollector friendlyName="blame" enabled="True">
        <Configuration>
          <ResultsDirectory>C:\Users\David Abruzzo\source\repos\Back-end.NET_API_REST\FindexiumInfrastructure.tests\bin\Debug\net8.0\fine-code-coverage\coverage-tool-output</ResultsDirectory>
        </Configuration>
      </DataCollector>
    </DataCollectors>
  </DataCollectionRunSettings>
</RunSettings>

TpTrace Verbose: 0 : 6996, 1, 2024/11/26, 11:54:54.314, 4133933401710, vstest.console.dll, TestRunRequest.ExecuteAsync: Wait for the first run request is over.
TpTrace Verbose: 0 : 6996, 1, 2024/11/26, 11:54:54.314, 4133933403837, vstest.console.dll, MulticastDelegateUtilities.SafeInvoke: TestRun.TestRunStart: Invoking callbacks was skipped because there are no subscribers.
TpTrace Verbose: 0 : 6996, 4, 2024/11/26, 11:54:54.314, 4133933405219, vstest.console.dll, MulticastDelegateUtilities.SafeInvoke: InternalTestLoggerEvents.SendTestRunStart: Invoking callback 1/1 for Microsoft.VisualStudio.TestPlatform.CommandLine.Internal.ConsoleLogger., took 0 ms.
TpTrace Verbose: 0 : 6996, 1, 2024/11/26, 11:54:54.315, 4133933412755, vstest.console.dll, ParallelProxyExecutionManager: Start execution. Total sources: 1
TpTrace Verbose: 0 : 6996, 1, 2024/11/26, 11:54:54.315, 4133933415661, vstest.console.dll, ParallelOperationManager.StartWork: Starting adding 1 workloads.
TpTrace Verbose: 0 : 6996, 1, 2024/11/26, 11:54:54.316, 4133933416418, vstest.console.dll, ParallelOperationManager.ClearSlots: Clearing all slots. Slots should accept more work: True
TpTrace Verbose: 0 : 6996, 1, 2024/11/26, 11:54:54.316, 4133933417076, vstest.console.dll, ParallelOperationManager.SetOccupiedSlotCount: Setting slot counts AvailableSlotCount = 1, OccupiedSlotCount = 0.
TpTrace Verbose: 0 : 6996, 1, 2024/11/26, 11:54:54.316, 4133933417411, vstest.console.dll, Occupied slots:

TpTrace Verbose: 0 : 6996, 1, 2024/11/26, 11:54:54.317, 4133933428161, vstest.console.dll, TestHostManagerCallbacks.ctor: Forwarding output is enabled.
TpTrace Verbose: 0 : 6996, 1, 2024/11/26, 11:54:54.317, 4133933430051, vstest.console.dll, TestRequestSender is acting as server.
TpTrace Verbose: 0 : 6996, 1, 2024/11/26, 11:54:54.318, 4133933438920, vstest.console.dll, ParallelOperationManager.RunWorkInParallel: Adding 1 workload to slot, remaining workloads 0.
TpTrace Verbose: 0 : 6996, 1, 2024/11/26, 11:54:54.318, 4133933439502, vstest.console.dll, ParallelOperationManager.SetOccupiedSlotCount: Setting slot counts AvailableSlotCount = 0, OccupiedSlotCount = 1.
TpTrace Verbose: 0 : 6996, 1, 2024/11/26, 11:54:54.318, 4133933440498, vstest.console.dll, Occupied slots:
0: C:\Users\David Abruzzo\source\repos\Back-end.NET_API_REST\FindexiumInfrastructure.tests\bin\Debug\net8.0\fine-code-coverage\build-output\FindexiumInfrastructure.tests.dll
TpTrace Verbose: 0 : 6996, 1, 2024/11/26, 11:54:54.319, 4133933450150, vstest.console.dll, ParallelOperationManager.RunWorkInParallel: Started host in slot number 0 for work (source): C:\Users\David Abruzzo\source\repos\Back-end.NET_API_REST\FindexiumInfrastructure.tests\bin\Debug\net8.0\fine-code-coverage\build-output\FindexiumInfrastructure.tests.dll.
TpTrace Verbose: 0 : 6996, 1, 2024/11/26, 11:54:54.320, 4133933456470, vstest.console.dll, ParallelOperationManager.RunWorkInParallel: We started 1 work items, which is the max parallel level. Won't start more work.
TpTrace Verbose: 0 : 6996, 1, 2024/11/26, 11:54:54.320, 4133933457013, vstest.console.dll, ParallelOperationManager.RunWorkInParallel: We started 1 work items in here, returning True.
TpTrace Information: 0 : 6996, 1, 2024/11/26, 11:54:54.320, 4133933457454, vstest.console.dll, TestRunRequest.ExecuteAsync: Started.
TpTrace Verbose: 0 : 6996, 5, 2024/11/26, 11:54:54.320, 4133933458059, vstest.console.dll, ParallelProxyExecutionManager.StartTestRunOnConcurrentManager: Initializing uninitialized client. Started clients: 0
TpTrace Verbose: 0 : 6996, 5, 2024/11/26, 11:54:54.320, 4133933459551, vstest.console.dll, DataCollectionRequestSender.InitializeCommunication : Initialize communication. 
TpTrace Verbose: 0 : 6996, 1, 2024/11/26, 11:54:54.320, 4133933462533, vstest.console.dll, TestRunRequest.WaitForCompletion: Waiting with timeout -1.
TpTrace Information: 0 : 6996, 5, 2024/11/26, 11:54:54.326, 4133933521912, vstest.console.dll, Listening on Endpoint : 127.0.0.1:56900
TpTrace Verbose: 0 : 6996, 5, 2024/11/26, 11:54:54.331, 4133933571368, vstest.console.dll, DotnetDataCollectionLauncher: Adding  --runtimeconfig "C:\Program Files\dotnet\sdk\8.0.403\datacollector.runtimeconfig.json" in args
TpTrace Verbose: 0 : 6996, 5, 2024/11/26, 11:54:54.331, 4133933572310, vstest.console.dll, DotnetDataCollectionLauncher: Adding  --depsfile "C:\Program Files\dotnet\sdk\8.0.403\datacollector.deps.json" in args
TpTrace Verbose: 0 : 6996, 5, 2024/11/26, 11:54:54.331, 4133933573555, vstest.console.dll, DotnetDataCollectionLauncher: Full path of dotnet.exe is C:\Program Files\dotnet\dotnet.exe
TpTrace Information: 0 : 6996, 5, 2024/11/26, 11:54:54.336, 4133933625847, vstest.console.dll, ProxyDataCollectionManager.Initialize: Launched datacollector processId: 5896 port: 56900
TpTrace Information: 0 : 6996, 5, 2024/11/26, 11:54:54.337, 4133933627008, vstest.console.dll, ProxyDataCollectionManager.Initialize: waiting for connection with timeout: 90 seconds
TpTrace Verbose: 0 : 6996, 5, 2024/11/26, 11:54:54.337, 4133933627698, vstest.console.dll, DataCollectionRequestSender.WaitForRequestHandlerConnection : Waiting for connection with timeout: 90000
TpTrace Information: 0 : 6996, 7, 2024/11/26, 11:54:54.461, 4133934868200, vstest.console.dll, Using the buffer size of 16384 bytes
TpTrace Verbose: 0 : 6996, 5, 2024/11/26, 11:54:54.461, 4133934868320, vstest.console.dll, SocketCommunicationManager.WaitForClientConnection took: 123 ms, with 90000 ms timeout, and finished with True.
TpTrace Information: 0 : 6996, 7, 2024/11/26, 11:54:54.461, 4133934869108, vstest.console.dll, Accepted Client request and set the flag
TpTrace Verbose: 0 : 6996, 5, 2024/11/26, 11:54:54.461, 4133934870028, vstest.console.dll, ProxyDataCollectionManager.InvokeDataCollectionServiceAction: Starting.
TpTrace Information: 0 : 6996, 5, 2024/11/26, 11:54:54.461, 4133934870659, vstest.console.dll, ProxyDataCollectionManager.BeforeTestRunStart: Get environment variable and port for datacollector processId: 5896 port: 56900
TpTrace Verbose: 0 : 6996, 5, 2024/11/26, 11:54:54.461, 4133934871682, vstest.console.dll, DataCollectionRequestSender.SendBeforeTestRunStartAndGetResult: Send BeforeTestRunStart message with settingsXml <RunSettings><RunConfiguration><ResultsDirectory>C:\Users\David Abruzzo\source\repos\Back-end.NET_API_REST\FindexiumInfrastructure.tests\bin\Debug\net8.0\fine-code-coverage\coverage-tool-output</ResultsDirectory><TargetPlatform>X64</TargetPlatform><TargetFrameworkVersion>.NETCoreApp,Version=v8.0</TargetFrameworkVersion><DesignMode>False</DesignMode><CollectSourceInformation>False</CollectSourceInformation><TestAdaptersPaths>C:\Program Files\dotnet\sdk\8.0.403\Extensions</TestAdaptersPaths></RunConfiguration><LoggerRunSettings><Loggers><Logger friendlyName="blame" enabled="True" /><Logger friendlyName="Console" uri="logger://microsoft/TestPlatform/ConsoleLogger/v1" assemblyQualifiedName="Microsoft.VisualStudio.TestPlatform.CommandLine.Internal.ConsoleLogger, vstest.console, Version=15.0.0.0, Culture=neutral, PublicKeyToken=b03f5f7f11d50a3a" codeBase="C:\Program Files\dotnet\sdk\8.0.403\vstest.console.dll" enabled="True" /></Loggers></LoggerRunSettings><DataCollectionRunSettings><DataCollectors><DataCollector friendlyName="blame" enabled="True"><Configuration><ResultsDirectory>C:\Users\David Abruzzo\source\repos\Back-end.NET_API_REST\FindexiumInfrastructure.tests\bin\Debug\net8.0\fine-code-coverage\coverage-tool-output</ResultsDirectory></Configuration></DataCollector></DataCollectors></DataCollectionRunSettings></RunSettings> and sources System.Collections.Generic.List`1[System.String]: 
TpTrace Verbose: 0 : 6996, 5, 2024/11/26, 11:54:54.508, 4133935339017, vstest.console.dll, DataCollectionRequestSender.SendBeforeTestRunStartAndGetResult: Received message: (DataCollection.SendMessage) -> {"MessageType":"DataCollection.SendMessage","Payload":{"FriendlyName":null,"Uri":null,"TestCaseId":"00000000-0000-0000-0000-000000000000","Message":"Logging DataCollector Diagnostics in file: C:\\Users\\David Abruzzo\\source\\repos\\Back-end.NET_API_REST\\FindexiumInfrastructure.tests\\bin\\Debug\\net8.0\\fine-code-coverage\\coverage-tool-output\\diagnostics.datacollector.24-11-26_11-54-54_33131_5.log","Level":0}}
TpTrace Verbose: 0 : 6996, 5, 2024/11/26, 11:54:54.583, 4133936086631, vstest.console.dll, DataCollectionRequestSender.SendBeforeTestRunStartAndGetResult: Received message: (DataCollection.BeforeTestRunStartResult) -> {"MessageType":"DataCollection.BeforeTestRunStartResult","Payload":{"EnvironmentVariables":{},"DataCollectionEventsPort":56902}}
TpTrace Information: 0 : 6996, 5, 2024/11/26, 11:54:54.586, 4133936124854, vstest.console.dll, ProxyDataCollectionManager.BeforeTestRunStart: SendBeforeTestRunStartAndGetResult successful, env variable from datacollector:   and testhost port: 56902
TpTrace Information: 0 : 6996, 5, 2024/11/26, 11:54:54.586, 4133936125787, vstest.console.dll, ProxyDataCollectionManager.InvokeDataCollectionServiceAction: Completed.
TpTrace Verbose: 0 : 6996, 5, 2024/11/26, 11:54:54.587, 4133936126222, vstest.console.dll, ParallelProxyExecutionManager.StartTestRunOnConcurrentManager: Initializing test run. Started clients: 0
TpTrace Verbose: 0 : 6996, 5, 2024/11/26, 11:54:54.587, 4133936127251, vstest.console.dll, ProxyExecutionManager: Test host is always Lazy initialize.
TpTrace Verbose: 0 : 6996, 5, 2024/11/26, 11:54:54.587, 4133936129445, vstest.console.dll, TestRequestSender.InitializeCommunication: initialize communication. 
TpTrace Information: 0 : 6996, 5, 2024/11/26, 11:54:54.587, 4133936135048, vstest.console.dll, SocketServer.Start: Listening on endpoint : 127.0.0.1:56903
TpTrace Verbose: 0 : 6996, 5, 2024/11/26, 11:54:54.588, 4133936143437, vstest.console.dll, DotnetTestHostmanager.GetTestHostProcessStartInfo: Platform environment 'X64' target architecture 'X64' framework '.NETCoreApp,Version=v8.0' OS 'Windows'
TpTrace Verbose: 0 : 6996, 5, 2024/11/26, 11:54:54.588, 4133936145912, vstest.console.dll, DotnetTestHostmanager: Adding  --runtimeconfig "C:\Users\David Abruzzo\source\repos\Back-end.NET_API_REST\FindexiumInfrastructure.tests\bin\Debug\net8.0\fine-code-coverage\build-output\FindexiumInfrastructure.tests.runtimeconfig.json" in args
TpTrace Verbose: 0 : 6996, 5, 2024/11/26, 11:54:54.589, 4133936146812, vstest.console.dll, DotnetTestHostmanager: Adding  --depsfile "C:\Users\David Abruzzo\source\repos\Back-end.NET_API_REST\FindexiumInfrastructure.tests\bin\Debug\net8.0\fine-code-coverage\build-output\FindexiumInfrastructure.tests.deps.json" in args
TpTrace Verbose: 0 : 6996, 5, 2024/11/26, 11:54:54.589, 4133936148308, vstest.console.dll, DotnetTestHostmanager.IsWinOnArm: Current PROCESSOR_ARCHITECTURE from environment variable 'AMD64'
TpTrace Verbose: 0 : 6996, 5, 2024/11/26, 11:54:54.589, 4133936148938, vstest.console.dll, DotnetTestHostmanager.IsWinOnArm: Is Windows on ARM 'False'
TpTrace Verbose: 0 : 6996, 5, 2024/11/26, 11:54:54.589, 4133936149605, vstest.console.dll, DotnetTestHostManager: testhost.exe found at path: C:\Users\David Abruzzo\source\repos\Back-end.NET_API_REST\FindexiumInfrastructure.tests\bin\Debug\net8.0\fine-code-coverage\build-output\testhost.exe
TpTrace Verbose: 0 : 6996, 5, 2024/11/26, 11:54:54.589, 4133936149949, vstest.console.dll, DotnetTestHostmanager: Full path of host exe is C:\Users\David Abruzzo\source\repos\Back-end.NET_API_REST\FindexiumInfrastructure.tests\bin\Debug\net8.0\fine-code-coverage\build-output\testhost.exe
TpTrace Verbose: 0 : 6996, 5, 2024/11/26, 11:54:54.589, 4133936151059, vstest.console.dll, DotnetTestHostmanager.LaunchTestHostAsync: Found 'VSTEST_WINAPPHOST_DOTNET_ROOT' in env variables, value 'C:\Program Files\dotnet', forwarding to 'DOTNET_ROOT'
TpTrace Verbose: 0 : 6996, 5, 2024/11/26, 11:54:54.589, 4133936152387, vstest.console.dll, DotnetTestHostManager: Starting process 'C:\Users\David Abruzzo\source\repos\Back-end.NET_API_REST\FindexiumInfrastructure.tests\bin\Debug\net8.0\fine-code-coverage\build-output\testhost.exe' with command line ' --runtimeconfig "C:\Users\David Abruzzo\source\repos\Back-end.NET_API_REST\FindexiumInfrastructure.tests\bin\Debug\net8.0\fine-code-coverage\build-output\FindexiumInfrastructure.tests.runtimeconfig.json" --depsfile "C:\Users\David Abruzzo\source\repos\Back-end.NET_API_REST\FindexiumInfrastructure.tests\bin\Debug\net8.0\fine-code-coverage\build-output\FindexiumInfrastructure.tests.deps.json" --port 56903 --endpoint 127.0.0.1:056903 --role client --parentprocessid 6996 --diag "C:\Users\David Abruzzo\source\repos\Back-end.NET_API_REST\FindexiumInfrastructure.tests\bin\Debug\net8.0\fine-code-coverage\coverage-tool-output\diagnostics.host.24-11-26_11-54-54_58831_5.log" --tracelevel 4 --datacollectionport 56902 --telemetryoptedin false'
TpTrace Verbose: 0 : 6996, 5, 2024/11/26, 11:54:54.594, 4133936203968, vstest.console.dll, MulticastDelegateUtilities.SafeInvoke: HostProviderEvents.OnHostLaunched: Invoking callback 1/2 for Microsoft.VisualStudio.TestPlatform.CrossPlatEngine.Client.ProxyExecutionManagerWithDataCollection., took 0 ms.
TpTrace Verbose: 0 : 6996, 5, 2024/11/26, 11:54:54.595, 4133936206773, vstest.console.dll, Test Runtime launched
TpTrace Verbose: 0 : 6996, 5, 2024/11/26, 11:54:54.595, 4133936207598, vstest.console.dll, MulticastDelegateUtilities.SafeInvoke: HostProviderEvents.OnHostLaunched: Invoking callback 2/2 for Microsoft.VisualStudio.TestPlatform.CrossPlatEngine.Client.ProxyOperationManager., took 0 ms.
TpTrace Verbose: 0 : 6996, 5, 2024/11/26, 11:54:54.595, 4133936209217, vstest.console.dll, TestRequestSender.WaitForRequestHandlerConnection: waiting for connection with timeout: 90000.
TpTrace Verbose: 0 : 6996, 5, 2024/11/26, 11:54:54.757, 4133937829579, vstest.console.dll, TestRequestSender.WaitForRequestHandlerConnection: waiting took 162 ms, with timeout 90000 ms, and result 0, which is success.
TpTrace Verbose: 0 : 6996, 11, 2024/11/26, 11:54:54.757, 4133937829580, vstest.console.dll, MulticastDelegateUtilities.SafeInvoke: SocketServer: ClientConnected: Invoking callback 1/1 for Microsoft.VisualStudio.TestPlatform.CommunicationUtilities.TestRequestSender., took 0 ms.
TpTrace Verbose: 0 : 6996, 11, 2024/11/26, 11:54:54.757, 4133937831366, vstest.console.dll, SocketServer.OnClientConnected: Client connected for endPoint: 127.0.0.1:56903, starting MessageLoopAsync:
TpTrace Verbose: 0 : 6996, 14, 2024/11/26, 11:54:54.758, 4133937836443, vstest.console.dll, TcpClientExtensions.MessageLoopAsync: Polling on remoteEndPoint: 127.0.0.1:56904 localEndPoint: 127.0.0.1:56903 after 0 ms
TpTrace Verbose: 0 : 6996, 5, 2024/11/26, 11:54:54.758, 4133937839051, vstest.console.dll, TestRequestSender.CheckVersionWithTestHost: Sending check version message: {"MessageType":"ProtocolVersion","Payload":7}
TpTrace Verbose: 0 : 6996, 14, 2024/11/26, 11:54:54.859, 4133938854013, vstest.console.dll, TcpClientExtensions.MessageLoopAsync: NotifyDataAvailable remoteEndPoint: 127.0.0.1:56904 localEndPoint: 127.0.0.1:56903
TpTrace Verbose: 0 : 6996, 14, 2024/11/26, 11:54:54.860, 4133938856228, vstest.console.dll, TestRequestSender.CheckVersionWithTestHost: onMessageReceived received message: (ProtocolVersion) -> {"MessageType":"ProtocolVersion","Payload":7}
TpTrace Verbose: 0 : 6996, 14, 2024/11/26, 11:54:54.860, 4133938861306, vstest.console.dll, MulticastDelegateUtilities.SafeInvoke: LengthPrefixCommunicationChannel: MessageReceived: Invoking callback 1/1 for Microsoft.VisualStudio.TestPlatform.CommunicationUtilities.TestRequestSender+<>c__DisplayClass29_0., took 0 ms.
TpTrace Verbose: 0 : 6996, 14, 2024/11/26, 11:54:54.860, 4133938862029, vstest.console.dll, TcpClientExtensions.MessageLoopAsync: Polling on remoteEndPoint: 127.0.0.1:56904 localEndPoint: 127.0.0.1:56903 after 102 ms
TpTrace Verbose: 0 : 6996, 5, 2024/11/26, 11:54:54.860, 4133938862402, vstest.console.dll, TestPluginCache.GetExtensionPaths: Filtered extension paths: 
TpTrace Verbose: 0 : 6996, 5, 2024/11/26, 11:54:54.860, 4133938862999, vstest.console.dll, TestPluginCache.GetExtensionPaths: Added default extension paths: C:\Program Files\dotnet\sdk\8.0.403\Extensions\Microsoft.Diagnostics.NETCore.Client.dll
C:\Program Files\dotnet\sdk\8.0.403\Extensions\Microsoft.TestPlatform.Extensions.BlameDataCollector.dll
C:\Program Files\dotnet\sdk\8.0.403\Extensions\Microsoft.TestPlatform.Extensions.EventLogCollector.dll
C:\Program Files\dotnet\sdk\8.0.403\Extensions\Microsoft.TestPlatform.TestHostRuntimeProvider.dll
C:\Program Files\dotnet\sdk\8.0.403\Extensions\Microsoft.VisualStudio.TestPlatform.Extensions.Html.TestLogger.dll
C:\Program Files\dotnet\sdk\8.0.403\Extensions\Microsoft.VisualStudio.TestPlatform.Extensions.Trx.TestLogger.dll
TpTrace Verbose: 0 : 6996, 5, 2024/11/26, 11:54:54.860, 4133938863280, vstest.console.dll, TestPluginCache.GetExtensionPaths: Added unfilterableExtensionPaths: 
TpTrace Verbose: 0 : 6996, 5, 2024/11/26, 11:54:54.862, 4133938885260, vstest.console.dll, TestRequestSender.InitializeExecution: Sending initialize execution with message: {"Version":7,"MessageType":"TestExecution.Initialize","Payload":["C:\\Users\\David Abruzzo\\source\\repos\\Back-end.NET_API_REST\\FindexiumInfrastructure.tests\\bin\\Debug\\net8.0\\fine-code-coverage\\build-output\\xunit.runner.visualstudio.testadapter.dll"]}
TpTrace Verbose: 0 : 6996, 5, 2024/11/26, 11:54:54.863, 4133938886887, vstest.console.dll, ParallelProxyExecutionManager.StartTestRunOnConcurrentManager: Execution starting. Started clients: 1
TpTrace Verbose: 0 : 6996, 5, 2024/11/26, 11:54:54.863, 4133938889086, vstest.console.dll, TestRunRequest:SendTestRunMessage: Starting.
TpTrace Verbose: 0 : 6996, 5, 2024/11/26, 11:54:54.863, 4133938890567, vstest.console.dll, MulticastDelegateUtilities.SafeInvoke: TestRun.LogMessages: Invoking callback 1/1 for Microsoft.VisualStudio.TestPlatform.CommandLine.TestRunResultAggregator., took 0 ms.
TpTrace Information: 0 : 6996, 5, 2024/11/26, 11:54:54.863, 4133938890916, vstest.console.dll, TestRunRequest:SendTestRunMessage: Completed.
TpTrace Verbose: 0 : 6996, 4, 2024/11/26, 11:54:54.863, 4133938892399, vstest.console.dll, MulticastDelegateUtilities.SafeInvoke: InternalTestLoggerEvents.SendTestRunMessage: Invoking callback 1/1 for Microsoft.VisualStudio.TestPlatform.CommandLine.Internal.ConsoleLogger., took 0 ms.
TpTrace Warning: 0 : 6996, 5, 2024/11/26, 11:54:54.863, 4133938893817, vstest.console.dll, InferRunSettingsHelper.MakeRunsettingsCompatible: Removing the following settings: TargetPlatform from RunSettings file. To use those settings please move to latest version of Microsoft.NET.Test.Sdk
TpTrace Verbose: 0 : 6996, 14, 2024/11/26, 11:54:54.864, 4133938900663, vstest.console.dll, TcpClientExtensions.MessageLoopAsync: NotifyDataAvailable remoteEndPoint: 127.0.0.1:56904 localEndPoint: 127.0.0.1:56903
TpTrace Verbose: 0 : 6996, 14, 2024/11/26, 11:54:54.864, 4133938903665, vstest.console.dll, TestRequestSender.OnExecutionMessageReceived: Received message: {"Version":7,"MessageType":"TestSession.Message","Payload":{"MessageLevel":0,"Message":"Logging TestHost Diagnostics in file: C:\\Users\\David Abruzzo\\source\\repos\\Back-end.NET_API_REST\\FindexiumInfrastructure.tests\\bin\\Debug\\net8.0\\fine-code-coverage\\coverage-tool-output\\diagnostics.host.24-11-26_11-54-54_58831_5.log"}}
TpTrace Verbose: 0 : 6996, 14, 2024/11/26, 11:54:54.866, 4133938925178, vstest.console.dll, TestRunRequest:SendTestRunMessage: Starting.
TpTrace Verbose: 0 : 6996, 14, 2024/11/26, 11:54:54.867, 4133938926309, vstest.console.dll, MulticastDelegateUtilities.SafeInvoke: TestRun.LogMessages: Invoking callback 1/1 for Microsoft.VisualStudio.TestPlatform.CommandLine.TestRunResultAggregator., took 0 ms.
TpTrace Information: 0 : 6996, 14, 2024/11/26, 11:54:54.867, 4133938926666, vstest.console.dll, TestRunRequest:SendTestRunMessage: Completed.
TpTrace Verbose: 0 : 6996, 4, 2024/11/26, 11:54:54.867, 4133938926673, vstest.console.dll, MulticastDelegateUtilities.SafeInvoke: InternalTestLoggerEvents.SendTestRunMessage: Invoking callback 1/1 for Microsoft.VisualStudio.TestPlatform.CommandLine.Internal.ConsoleLogger., took 0 ms.
TpTrace Verbose: 0 : 6996, 14, 2024/11/26, 11:54:54.867, 4133938927014, vstest.console.dll, MulticastDelegateUtilities.SafeInvoke: LengthPrefixCommunicationChannel: MessageReceived: Invoking callback 1/1 for Microsoft.VisualStudio.TestPlatform.CommunicationUtilities.TestRequestSender+<>c__DisplayClass34_0., took 2 ms.
TpTrace Verbose: 0 : 6996, 14, 2024/11/26, 11:54:54.867, 4133938927985, vstest.console.dll, TcpClientExtensions.MessageLoopAsync: Polling on remoteEndPoint: 127.0.0.1:56904 localEndPoint: 127.0.0.1:56903 after 6 ms
TpTrace Verbose: 0 : 6996, 5, 2024/11/26, 11:54:54.869, 4133938946537, vstest.console.dll, TestRequestSender.StartTestRun: Sending test run with message: {"Version":7,"MessageType":"TestExecution.StartWithSources","Payload":{"AdapterSourceMap":{"_none_":["C:\\Users\\David Abruzzo\\source\\repos\\Back-end.NET_API_REST\\FindexiumInfrastructure.tests\\bin\\Debug\\net8.0\\fine-code-coverage\\build-output\\FindexiumInfrastructure.tests.dll"]},"RunSettings":"<RunSettings>\r\n  <RunConfiguration>\r\n    <ResultsDirectory>C:\\Users\\David Abruzzo\\source\\repos\\Back-end.NET_API_REST\\FindexiumInfrastructure.tests\\bin\\Debug\\net8.0\\fine-code-coverage\\coverage-tool-output</ResultsDirectory>\r\n    <TargetFrameworkVersion>.NETCoreApp,Version=v8.0</TargetFrameworkVersion>\r\n    <DesignMode>False</DesignMode>\r\n    <CollectSourceInformation>False</CollectSourceInformation>\r\n  </RunConfiguration>\r\n  <LoggerRunSettings>\r\n    <Loggers>\r\n      <Logger friendlyName=\"blame\" enabled=\"True\" />\r\n      <Logger friendlyName=\"Console\" uri=\"logger://microsoft/TestPlatform/ConsoleLogger/v1\" assemblyQualifiedName=\"Microsoft.VisualStudio.TestPlatform.CommandLine.Internal.ConsoleLogger, vstest.console, Version=15.0.0.0, Culture=neutral, PublicKeyToken=b03f5f7f11d50a3a\" codeBase=\"C:\\Program Files\\dotnet\\sdk\\8.0.403\\vstest.console.dll\" enabled=\"True\" />\r\n    </Loggers>\r\n  </LoggerRunSettings>\r\n  <DataCollectionRunSettings>\r\n    <DataCollectors>\r\n      <DataCollector friendlyName=\"blame\" enabled=\"True\">\r\n        <Configuration>\r\n          <ResultsDirectory>C:\\Users\\David Abruzzo\\source\\repos\\Back-end.NET_API_REST\\FindexiumInfrastructure.tests\\bin\\Debug\\net8.0\\fine-code-coverage\\coverage-tool-output</ResultsDirectory>\r\n        </Configuration>\r\n      </DataCollector>\r\n    </DataCollectors>\r\n  </DataCollectionRunSettings>\r\n</RunSettings>","TestExecutionContext":{"FrequencyOfRunStatsChangeEvent":10,"RunStatsChangeEventTimeout":"00:00:01.5000000","InIsolation":false,"KeepAlive":false,"AreTestCaseLevelEventsRequired":false,"IsDebug":false,"TestCaseFilter":null,"FilterOptions":null},"Package":null}}
TpTrace Verbose: 0 : 6996, 5, 2024/11/26, 11:54:54.869, 4133938948267, vstest.console.dll, ParallelProxyExecutionManager.StartTestRunOnConcurrentManager: Execution started. Started clients: 1
TpTrace Verbose: 0 : 6996, 14, 2024/11/26, 11:54:54.995, 4133940206510, vstest.console.dll, TcpClientExtensions.MessageLoopAsync: NotifyDataAvailable remoteEndPoint: 127.0.0.1:56904 localEndPoint: 127.0.0.1:56903
TpTrace Verbose: 0 : 6996, 14, 2024/11/26, 11:54:54.995, 4133940207834, vstest.console.dll, TestRequestSender.OnExecutionMessageReceived: Received message: {"Version":7,"MessageType":"TestSession.Message","Payload":{"MessageLevel":0,"Message":"[xUnit.net 00:00:00.00] xUnit.net VSTest Adapter v2.8.2+699d445a1a (64-bit .NET 8.0.10)"}}
TpTrace Verbose: 0 : 6996, 14, 2024/11/26, 11:54:54.995, 4133940209856, vstest.console.dll, TestRunRequest:SendTestRunMessage: Starting.
TpTrace Verbose: 0 : 6996, 14, 2024/11/26, 11:54:54.995, 4133940210526, vstest.console.dll, MulticastDelegateUtilities.SafeInvoke: TestRun.LogMessages: Invoking callback 1/1 for Microsoft.VisualStudio.TestPlatform.CommandLine.TestRunResultAggregator., took 0 ms.
TpTrace Information: 0 : 6996, 14, 2024/11/26, 11:54:54.995, 4133940210811, vstest.console.dll, TestRunRequest:SendTestRunMessage: Completed.
TpTrace Verbose: 0 : 6996, 4, 2024/11/26, 11:54:54.995, 4133940210768, vstest.console.dll, MulticastDelegateUtilities.SafeInvoke: InternalTestLoggerEvents.SendTestRunMessage: Invoking callback 1/1 for Microsoft.VisualStudio.TestPlatform.CommandLine.Internal.ConsoleLogger., took 0 ms.
TpTrace Verbose: 0 : 6996, 14, 2024/11/26, 11:54:54.995, 4133940211171, vstest.console.dll, MulticastDelegateUtilities.SafeInvoke: LengthPrefixCommunicationChannel: MessageReceived: Invoking callback 1/1 for Microsoft.VisualStudio.TestPlatform.CommunicationUtilities.TestRequestSender+<>c__DisplayClass34_0., took 0 ms.
TpTrace Verbose: 0 : 6996, 14, 2024/11/26, 11:54:54.995, 4133940212117, vstest.console.dll, TcpClientExtensions.MessageLoopAsync: Polling on remoteEndPoint: 127.0.0.1:56904 localEndPoint: 127.0.0.1:56903 after 128 ms
TpTrace Verbose: 0 : 6996, 14, 2024/11/26, 11:54:55.072, 4133940980797, vstest.console.dll, TcpClientExtensions.MessageLoopAsync: NotifyDataAvailable remoteEndPoint: 127.0.0.1:56904 localEndPoint: 127.0.0.1:56903
TpTrace Verbose: 0 : 6996, 14, 2024/11/26, 11:54:55.072, 4133940981793, vstest.console.dll, TestRequestSender.OnExecutionMessageReceived: Received message: {"Version":7,"MessageType":"TestSession.Message","Payload":{"MessageLevel":0,"Message":"[xUnit.net 00:00:00.08]   Discovering: FindexiumInfrastructure.tests"}}
TpTrace Verbose: 0 : 6996, 14, 2024/11/26, 11:54:55.072, 4133940982625, vstest.console.dll, TestRunRequest:SendTestRunMessage: Starting.
TpTrace Verbose: 0 : 6996, 14, 2024/11/26, 11:54:55.072, 4133940983159, vstest.console.dll, MulticastDelegateUtilities.SafeInvoke: TestRun.LogMessages: Invoking callback 1/1 for Microsoft.VisualStudio.TestPlatform.CommandLine.TestRunResultAggregator., took 0 ms.
TpTrace Information: 0 : 6996, 14, 2024/11/26, 11:54:55.072, 4133940983433, vstest.console.dll, TestRunRequest:SendTestRunMessage: Completed.
TpTrace Verbose: 0 : 6996, 4, 2024/11/26, 11:54:55.072, 4133940983371, vstest.console.dll, MulticastDelegateUtilities.SafeInvoke: InternalTestLoggerEvents.SendTestRunMessage: Invoking callback 1/1 for Microsoft.VisualStudio.TestPlatform.CommandLine.Internal.ConsoleLogger., took 0 ms.
TpTrace Verbose: 0 : 6996, 14, 2024/11/26, 11:54:55.072, 4133940983685, vstest.console.dll, MulticastDelegateUtilities.SafeInvoke: LengthPrefixCommunicationChannel: MessageReceived: Invoking callback 1/1 for Microsoft.VisualStudio.TestPlatform.CommunicationUtilities.TestRequestSender+<>c__DisplayClass34_0., took 0 ms.
TpTrace Verbose: 0 : 6996, 14, 2024/11/26, 11:54:55.072, 4133940984519, vstest.console.dll, TcpClientExtensions.MessageLoopAsync: Polling on remoteEndPoint: 127.0.0.1:56904 localEndPoint: 127.0.0.1:56903 after 77 ms
TpTrace Verbose: 0 : 6996, 14, 2024/11/26, 11:54:55.105, 4133941309708, vstest.console.dll, TcpClientExtensions.MessageLoopAsync: NotifyDataAvailable remoteEndPoint: 127.0.0.1:56904 localEndPoint: 127.0.0.1:56903
TpTrace Verbose: 0 : 6996, 14, 2024/11/26, 11:54:55.105, 4133941311100, vstest.console.dll, TestRequestSender.OnExecutionMessageReceived: Received message: {"Version":7,"MessageType":"TestSession.Message","Payload":{"MessageLevel":0,"Message":"[xUnit.net 00:00:00.11]   Discovered:  FindexiumInfrastructure.tests"}}
TpTrace Verbose: 0 : 6996, 14, 2024/11/26, 11:54:55.105, 4133941312474, vstest.console.dll, TestRunRequest:SendTestRunMessage: Starting.
TpTrace Verbose: 0 : 6996, 14, 2024/11/26, 11:54:55.105, 4133941313096, vstest.console.dll, MulticastDelegateUtilities.SafeInvoke: TestRun.LogMessages: Invoking callback 1/1 for Microsoft.VisualStudio.TestPlatform.CommandLine.TestRunResultAggregator., took 0 ms.
TpTrace Information: 0 : 6996, 14, 2024/11/26, 11:54:55.105, 4133941313495, vstest.console.dll, TestRunRequest:SendTestRunMessage: Completed.
TpTrace Verbose: 0 : 6996, 4, 2024/11/26, 11:54:55.105, 4133941313436, vstest.console.dll, MulticastDelegateUtilities.SafeInvoke: InternalTestLoggerEvents.SendTestRunMessage: Invoking callback 1/1 for Microsoft.VisualStudio.TestPlatform.CommandLine.Internal.ConsoleLogger., took 0 ms.
TpTrace Verbose: 0 : 6996, 14, 2024/11/26, 11:54:55.105, 4133941313838, vstest.console.dll, MulticastDelegateUtilities.SafeInvoke: LengthPrefixCommunicationChannel: MessageReceived: Invoking callback 1/1 for Microsoft.VisualStudio.TestPlatform.CommunicationUtilities.TestRequestSender+<>c__DisplayClass34_0., took 0 ms.
TpTrace Verbose: 0 : 6996, 14, 2024/11/26, 11:54:55.105, 4133941314829, vstest.console.dll, TcpClientExtensions.MessageLoopAsync: Polling on remoteEndPoint: 127.0.0.1:56904 localEndPoint: 127.0.0.1:56903 after 33 ms
TpTrace Verbose: 0 : 6996, 14, 2024/11/26, 11:54:55.108, 4133941338393, vstest.console.dll, TcpClientExtensions.MessageLoopAsync: NotifyDataAvailable remoteEndPoint: 127.0.0.1:56904 localEndPoint: 127.0.0.1:56903
TpTrace Verbose: 0 : 6996, 14, 2024/11/26, 11:54:55.108, 4133941339361, vstest.console.dll, TestRequestSender.OnExecutionMessageReceived: Received message: {"Version":7,"MessageType":"TestSession.Message","Payload":{"MessageLevel":0,"Message":"[xUnit.net 00:00:00.11]   Starting:    FindexiumInfrastructure.tests"}}
TpTrace Verbose: 0 : 6996, 14, 2024/11/26, 11:54:55.108, 4133941340492, vstest.console.dll, TestRunRequest:SendTestRunMessage: Starting.
TpTrace Verbose: 0 : 6996, 14, 2024/11/26, 11:54:55.108, 4133941341037, vstest.console.dll, MulticastDelegateUtilities.SafeInvoke: TestRun.LogMessages: Invoking callback 1/1 for Microsoft.VisualStudio.TestPlatform.CommandLine.TestRunResultAggregator., took 0 ms.
TpTrace Information: 0 : 6996, 14, 2024/11/26, 11:54:55.108, 4133941341340, vstest.console.dll, TestRunRequest:SendTestRunMessage: Completed.
TpTrace Verbose: 0 : 6996, 4, 2024/11/26, 11:54:55.108, 4133941341392, vstest.console.dll, MulticastDelegateUtilities.SafeInvoke: InternalTestLoggerEvents.SendTestRunMessage: Invoking callback 1/1 for Microsoft.VisualStudio.TestPlatform.CommandLine.Internal.ConsoleLogger., took 0 ms.
TpTrace Verbose: 0 : 6996, 14, 2024/11/26, 11:54:55.108, 4133941341631, vstest.console.dll, MulticastDelegateUtilities.SafeInvoke: LengthPrefixCommunicationChannel: MessageReceived: Invoking callback 1/1 for Microsoft.VisualStudio.TestPlatform.CommunicationUtilities.TestRequestSender+<>c__DisplayClass34_0., took 0 ms.
TpTrace Verbose: 0 : 6996, 14, 2024/11/26, 11:54:55.108, 4133941342648, vstest.console.dll, TcpClientExtensions.MessageLoopAsync: Polling on remoteEndPoint: 127.0.0.1:56904 localEndPoint: 127.0.0.1:56903 after 2 ms
TpTrace Verbose: 0 : 6996, 14, 2024/11/26, 11:54:55.920, 4133949458982, vstest.console.dll, TcpClientExtensions.MessageLoopAsync: NotifyDataAvailable remoteEndPoint: 127.0.0.1:56904 localEndPoint: 127.0.0.1:56903
TpTrace Verbose: 0 : 6996, 14, 2024/11/26, 11:54:55.920, 4133949461884, vstest.console.dll, TestRequestSender.OnExecutionMessageReceived: Received message: {"Version":7,"MessageType":"TestSession.Message","Payload":{"MessageLevel":0,"Message":"[xUnit.net 00:00:00.92]   Finished:    FindexiumInfrastructure.tests"}}
TpTrace Verbose: 0 : 6996, 14, 2024/11/26, 11:54:55.920, 4133949463919, vstest.console.dll, TestRunRequest:SendTestRunMessage: Starting.
TpTrace Verbose: 0 : 6996, 14, 2024/11/26, 11:54:55.920, 4133949464984, vstest.console.dll, MulticastDelegateUtilities.SafeInvoke: TestRun.LogMessages: Invoking callback 1/1 for Microsoft.VisualStudio.TestPlatform.CommandLine.TestRunResultAggregator., took 0 ms.
TpTrace Verbose: 0 : 6996, 4, 2024/11/26, 11:54:55.920, 4133949465267, vstest.console.dll, MulticastDelegateUtilities.SafeInvoke: InternalTestLoggerEvents.SendTestRunMessage: Invoking callback 1/1 for Microsoft.VisualStudio.TestPlatform.CommandLine.Internal.ConsoleLogger., took 0 ms.
TpTrace Information: 0 : 6996, 14, 2024/11/26, 11:54:55.921, 4133949466346, vstest.console.dll, TestRunRequest:SendTestRunMessage: Completed.
TpTrace Verbose: 0 : 6996, 14, 2024/11/26, 11:54:55.921, 4133949466984, vstest.console.dll, MulticastDelegateUtilities.SafeInvoke: LengthPrefixCommunicationChannel: MessageReceived: Invoking callback 1/1 for Microsoft.VisualStudio.TestPlatform.CommunicationUtilities.TestRequestSender+<>c__DisplayClass34_0., took 0 ms.
TpTrace Verbose: 0 : 6996, 14, 2024/11/26, 11:54:55.921, 4133949467524, vstest.console.dll, TcpClientExtensions.MessageLoopAsync: Polling on remoteEndPoint: 127.0.0.1:56904 localEndPoint: 127.0.0.1:56903 after 812 ms
TpTrace Verbose: 0 : 6996, 14, 2024/11/26, 11:54:55.955, 4133949809043, vstest.console.dll, TcpClientExtensions.MessageLoopAsync: NotifyDataAvailable remoteEndPoint: 127.0.0.1:56904 localEndPoint: 127.0.0.1:56903
TpTrace Verbose: 0 : 6996, 14, 2024/11/26, 11:54:55.955, 4133949812603, vstest.console.dll, TestRequestSender.OnExecutionMessageReceived: Received message: {"Version":7,"MessageType":"TestExecution.Completed","Payload":{"TestRunCompleteArgs":{"TestRunStatistics":{"ExecutedTests":6,"Stats":{"Passed":6}},"IsCanceled":false,"IsAborted":false,"Error":null,"AttachmentSets":[],"InvokedDataCollectors":[],"ElapsedTimeInRunningTests":"00:00:00.9385911","Metrics":{},"DiscoveredExtensions":{"TestDiscoverers":["Xunit.Runner.VisualStudio.VsTestRunner, xunit.runner.visualstudio.testadapter, Version=2.8.2.0, Culture=neutral, PublicKeyToken=null"],"TestExecutors":["executor://xunit/VsTestRunner2/netcoreapp"],"TestExecutors2":[],"TestSettingsProviders":[]}},"LastRunTests":{"NewTestResults":[{"TestCase":{"Id":"951d625a-4521-38ae-8857-742181c4176f","FullyQualifiedName":"FindexiumInfrastructure.tests.UnitTest1.Test1","DisplayName":"FindexiumInfrastructure.tests.UnitTest1.Test1","ExecutorUri":"executor://xunit/VsTestRunner2/netcoreapp","Source":"C:\\Users\\David Abruzzo\\source\\repos\\Back-end.NET_API_REST\\FindexiumInfrastructure.tests\\bin\\Debug\\net8.0\\fine-code-coverage\\build-output\\FindexiumInfrastructure.tests.dll","CodeFilePath":null,"LineNumber":0,"Properties":[]},"Attachments":[],"Outcome":1,"ErrorMessage":null,"ErrorStackTrace":null,"DisplayName":"FindexiumInfrastructure.tests.UnitTest1.Test1","Messages":[],"ComputerName":"WIN-CHM2KGEKPO1","Duration":"00:00:00.0043061","StartTime":"2024-11-26T10:54:55.1680888+00:00","EndTime":"2024-11-26T10:54:55.16811+00:00","Properties":[]},{"TestCase":{"Id":"568b0c5f-5d77-b154-fdc9-8f7608f27812","FullyQualifiedName":"FindexiumInfrastructure.tests.RatingRepositoryTests.AddAsync_AddsRating","DisplayName":"FindexiumInfrastructure.tests.RatingRepositoryTests.AddAsync_AddsRating","ExecutorUri":"executor://xunit/VsTestRunner2/netcoreapp","Source":"C:\\Users\\David Abruzzo\\source\\repos\\Back-end.NET_API_REST\\FindexiumInfrastructure.tests\\bin\\Debug\\net8.0\\fine-code-coverage\\build-output\\FindexiumInfrastructure.tests.dll","CodeFilePath":null,"LineNumber":0,"Properties":[]},"Attachments":[],"Outcome":1,"ErrorMessage":null,"ErrorStackTrace":null,"DisplayName":"FindexiumInfrastructure.tests.RatingRepositoryTests.AddAsync_AddsRating","Messages":[],"ComputerName":"WIN-CHM2KGEKPO1","Duration":"00:00:00.6796411","StartTime":"2024-11-26T10:54:55.8246065+00:00","EndTime":"2024-11-26T10:54:55.8246067+00:00","Properties":[]},{"TestCase":{"Id":"f0d7ef17-3b1d-1087-1509-5dd2044dd87c","FullyQualifiedName":"FindexiumInfrastructure.tests.RatingRepositoryTests.UpdateAsync_UpdatesRating","DisplayName":"FindexiumInfrastructure.tests.RatingRepositoryTests.UpdateAsync_UpdatesRating","ExecutorUri":"executor://xunit/VsTestRunner2/netcoreapp","Source":"C:\\Users\\David Abruzzo\\source\\repos\\Back-end.NET_API_REST\\FindexiumInfrastructure.tests\\bin\\Debug\\net8.0\\fine-code-coverage\\build-output\\FindexiumInfrastructure.tests.dll","CodeFilePath":null,"LineNumber":0,"Properties":[]},"Attachments":[],"Outcome":1,"ErrorMessage":null,"ErrorStackTrace":null,"DisplayName":"FindexiumInfrastructure.tests.RatingRepositoryTests.UpdateAsync_UpdatesRating","Messages":[],"ComputerName":"WIN-CHM2KGEKPO1","Duration":"00:00:00.0685443","StartTime":"2024-11-26T10:54:55.8932368+00:00","EndTime":"2024-11-26T10:54:55.8932372+00:00","Properties":[]},{"TestCase":{"Id":"5b34f991-e878-0da0-eefa-485822c47fea","FullyQualifiedName":"FindexiumInfrastructure.tests.RatingRepositoryTests.GetAllAsync_ReturnsAllRatings","DisplayName":"FindexiumInfrastructure.tests.RatingRepositoryTests.GetAllAsync_ReturnsAllRatings","ExecutorUri":"executor://xunit/VsTestRunner2/netcoreapp","Source":"C:\\Users\\David Abruzzo\\source\\repos\\Back-end.NET_API_REST\\FindexiumInfrastructure.tests\\bin\\Debug\\net8.0\\fine-code-coverage\\build-output\\FindexiumInfrastructure.tests.dll","CodeFilePath":null,"LineNumber":0,"Properties":[]},"Attachments":[],"Outcome":1,"ErrorMessage":null,"ErrorStackTrace":null,"DisplayName":"FindexiumInfrastructure.tests.RatingRepositoryTests.GetAllAsync_ReturnsAllRatings","Messages":[],"ComputerName":"WIN-CHM2KGEKPO1","Duration":"00:00:00.0106431","StartTime":"2024-11-26T10:54:55.9040337+00:00","EndTime":"2024-11-26T10:54:55.9040342+00:00","Properties":[]},{"TestCase":{"Id":"45579bd8-295b-af27-0662-72f3dec902ee","FullyQualifiedName":"FindexiumInfrastructure.tests.RatingRepositoryTests.DeleteAsync_DeletesRating","DisplayName":"FindexiumInfrastructure.tests.RatingRepositoryTests.DeleteAsync_DeletesRating","ExecutorUri":"executor://xunit/VsTestRunner2/netcoreapp","Source":"C:\\Users\\David Abruzzo\\source\\repos\\Back-end.NET_API_REST\\FindexiumInfrastructure.tests\\bin\\Debug\\net8.0\\fine-code-coverage\\build-output\\FindexiumInfrastructure.tests.dll","CodeFilePath":null,"LineNumber":0,"Properties":[]},"Attachments":[],"Outcome":1,"ErrorMessage":null,"ErrorStackTrace":null,"DisplayName":"FindexiumInfrastructure.tests.RatingRepositoryTests.DeleteAsync_DeletesRating","Messages":[],"ComputerName":"WIN-CHM2KGEKPO1","Duration":"00:00:00.0070084","StartTime":"2024-11-26T10:54:55.9111491+00:00","EndTime":"2024-11-26T10:54:55.9111493+00:00","Properties":[]},{"TestCase":{"Id":"08234f4b-e304-8b54-0caf-d3f07ba48fa0","FullyQualifiedName":"FindexiumInfrastructure.tests.RatingRepositoryTests.GetByIdAsync_ReturnsRating","DisplayName":"FindexiumInfrastructure.tests.RatingRepositoryTests.GetByIdAsync_ReturnsRating","ExecutorUri":"executor://xunit/VsTestRunner2/netcoreapp","Source":"C:\\Users\\David Abruzzo\\source\\repos\\Back-end.NET_API_REST\\FindexiumInfrastructure.tests\\bin\\Debug\\net8.0\\fine-code-coverage\\build-output\\FindexiumInfrastructure.tests.dll","CodeFilePath":null,"LineNumber":0,"Properties":[]},"Attachments":[],"Outcome":1,"ErrorMessage":null,"ErrorStackTrace":null,"DisplayName":"FindexiumInfrastructure.tests.RatingRepositoryTests.GetByIdAsync_ReturnsRating","Messages":[],"ComputerName":"WIN-CHM2KGEKPO1","Duration":"00:00:00.0017185","StartTime":"2024-11-26T10:54:55.916727+00:00","EndTime":"2024-11-26T10:54:55.916727+00:00","Properties":[]}],"TestRunStatistics":{"ExecutedTests":6,"Stats":{"Passed":6}},"ActiveTests":[]},"RunAttachments":[],"ExecutorUris":["executor://xunit/VsTestRunner2/netcoreapp"]}}
TpTrace Verbose: 0 : 6996, 14, 2024/11/26, 11:54:55.955, 4133949813963, vstest.console.dll, TestRequestSender.EndSession: Sending end session.
TpTrace Verbose: 0 : 6996, 14, 2024/11/26, 11:54:55.955, 4133949815939, vstest.console.dll, ProxyOperationManager.Close: waiting for test host to exit for 100 ms
TpTrace Warning: 0 : 6996, 12, 2024/11/26, 11:54:55.980, 4133950064399, vstest.console.dll, TestHostManagerCallbacks.ErrorReceivedCallback Test host standard error line: 
TpTrace Verbose: 0 : 6996, 7, 2024/11/26, 11:54:55.980, 4133950064411, vstest.console.dll, TestHostManagerCallbacks.StandardOutputReceivedCallback Test host standard output line: 
TpTrace Verbose: 0 : 6996, 7, 2024/11/26, 11:54:55.991, 4133950169532, vstest.console.dll, TestHostProvider.ExitCallBack: Host exited starting callback.
TpTrace Information: 0 : 6996, 7, 2024/11/26, 11:54:55.991, 4133950171011, vstest.console.dll, TestHostManagerCallbacks.ExitCallBack: Testhost processId: 14196 exited with exitcode: 0 error: ''
TpTrace Verbose: 0 : 6996, 7, 2024/11/26, 11:54:55.991, 4133950171431, vstest.console.dll, DotnetTestHostManager.OnHostExited: invoking OnHostExited callback
TpTrace Verbose: 0 : 6996, 7, 2024/11/26, 11:54:55.991, 4133950172040, vstest.console.dll, CrossPlatEngine.TestHostManagerHostExited: calling on client process exit callback.
TpTrace Information: 0 : 6996, 7, 2024/11/26, 11:54:55.991, 4133950172558, vstest.console.dll, TestRequestSender.OnClientProcessExit: Test host process exited. Standard error: 
TpTrace Information: 0 : 6996, 14, 2024/11/26, 11:54:55.991, 4133950172857, vstest.console.dll, SocketServer.Stop: Stop server endPoint: 127.0.0.1:56903
TpTrace Information: 0 : 6996, 7, 2024/11/26, 11:54:55.991, 4133950172921, vstest.console.dll, SocketServer.Stop: Stop server endPoint: 127.0.0.1:56903
TpTrace Information: 0 : 6996, 14, 2024/11/26, 11:54:55.991, 4133950173424, vstest.console.dll, SocketServer.Stop: Cancellation requested. Stopping message loop.
TpTrace Information: 0 : 6996, 7, 2024/11/26, 11:54:55.991, 4133950173757, vstest.console.dll, SocketServer.Stop: Cancellation requested. Stopping message loop.
TpTrace Verbose: 0 : 6996, 7, 2024/11/26, 11:54:55.991, 4133950174510, vstest.console.dll, MulticastDelegateUtilities.SafeInvoke: HostProviderEvents.OnHostExited: Invoking callback 1/1 for Microsoft.VisualStudio.TestPlatform.CrossPlatEngine.Client.ProxyOperationManager., took 0 ms.
TpTrace Information: 0 : 6996, 14, 2024/11/26, 11:54:55.991, 4133950174800, vstest.console.dll, Closing the connection
TpTrace Verbose: 0 : 6996, 14, 2024/11/26, 11:54:55.992, 4133950176685, vstest.console.dll, ProxyDataCollectionManager.InvokeDataCollectionServiceAction: Starting.
TpTrace Information: 0 : 6996, 14, 2024/11/26, 11:54:55.992, 4133950177101, vstest.console.dll, ProxyDataCollectionManager.AfterTestRunEnd: Get attachment set and invoked data collectors processId: 5896 port: 56900
TpTrace Verbose: 0 : 6996, 14, 2024/11/26, 11:54:55.992, 4133950177509, vstest.console.dll, DataCollectionRequestSender.SendAfterTestRunStartAndGetResult: Send AfterTestRunEnd message with isCancelled: False
TpTrace Verbose: 0 : 6996, 14, 2024/11/26, 11:54:55.998, 4133950241103, vstest.console.dll, DataCollectionRequestSender.SendAfterTestRunStartAndGetResult: Received message: (DataCollection.AfterTestRunEndResult) -> {"MessageType":"DataCollection.AfterTestRunEndResult","Payload":{"AttachmentSets":[],"InvokedDataCollectors":[{"Uri":"datacollector://Microsoft/TestPlatform/Extensions/Blame/v1","FriendlyName":"Blame","AssemblyQualifiedName":"Microsoft.TestPlatform.Extensions.BlameDataCollector.BlameCollector, Microsoft.TestPlatform.Extensions.BlameDataCollector, Version=15.0.0.0, Culture=neutral, PublicKeyToken=b03f5f7f11d50a3a","FilePath":"C:\\Program Files\\dotnet\\sdk\\8.0.403\\Extensions\\Microsoft.TestPlatform.Extensions.BlameDataCollector.dll","HasAttachmentProcessor":false}],"Metrics":{}}}
TpTrace Warning: 0 : 6996, 10, 2024/11/26, 11:54:56.002, 4133950281509, vstest.console.dll, DataCollectionLauncher.ErrorReceivedCallback datacollector standard error line: 
TpTrace Information: 0 : 6996, 14, 2024/11/26, 11:54:56.005, 4133950313006, vstest.console.dll, ProxyDataCollectionManager.InvokeDataCollectionServiceAction: Completed.
TpTrace Information: 0 : 6996, 10, 2024/11/26, 11:54:56.009, 4133950353610, vstest.console.dll, DataCollectionLauncher.ExitCallBack: Data collector exited with exitcode: 0 error: ''
TpTrace Verbose: 0 : 6996, 14, 2024/11/26, 11:54:56.057, 4133950826341, vstest.console.dll, TestRunRequest:SendTestRunStatsChange: Starting.
TpTrace Verbose: 0 : 6996, 14, 2024/11/26, 11:54:56.057, 4133950828548, vstest.console.dll, MulticastDelegateUtilities.SafeInvoke: TestRun.RunStatsChanged: Invoking callbacks was skipped because there are no subscribers.
TpTrace Information: 0 : 6996, 14, 2024/11/26, 11:54:56.057, 4133950829034, vstest.console.dll, TestRunRequest:SendTestRunStatsChange: Completed.
TpTrace Verbose: 0 : 6996, 14, 2024/11/26, 11:54:56.057, 4133950831352, vstest.console.dll, ParallelProxyExecutionManager: HandlePartialRunComplete: Total workloads = 1, Total started clients = 1 Total completed clients = 1, Run complete = True, Run canceled: False.
TpTrace Verbose: 0 : 6996, 14, 2024/11/26, 11:54:56.057, 4133950831810, vstest.console.dll, ParallelProxyExecutionManager: HandlePartialRunComplete: All runs completed stopping all managers.
TpTrace Verbose: 0 : 6996, 14, 2024/11/26, 11:54:56.057, 4133950832243, vstest.console.dll, ParallelOperationManager.StopAllManagers: Stopping all managers.
TpTrace Verbose: 0 : 6996, 14, 2024/11/26, 11:54:56.057, 4133950832533, vstest.console.dll, ParallelOperationManager.ClearSlots: Clearing all slots. Slots should accept more work: False
TpTrace Verbose: 0 : 6996, 14, 2024/11/26, 11:54:56.057, 4133950832959, vstest.console.dll, ParallelOperationManager.SetOccupiedSlotCount: Setting slot counts AvailableSlotCount = 1, OccupiedSlotCount = 0.
TpTrace Verbose: 0 : 6996, 14, 2024/11/26, 11:54:56.057, 4133950833263, vstest.console.dll, Occupied slots:

TpTrace Verbose: 0 : 6996, 4, 2024/11/26, 11:54:56.058, 4133950841478, vstest.console.dll, MulticastDelegateUtilities.SafeInvoke: InternalTestLoggerEvents.SendTestResult: Invoking callback 1/1 for Microsoft.VisualStudio.TestPlatform.CommandLine.Internal.ConsoleLogger., took 1 ms.
TpTrace Verbose: 0 : 6996, 4, 2024/11/26, 11:54:56.058, 4133950844103, vstest.console.dll, MulticastDelegateUtilities.SafeInvoke: InternalTestLoggerEvents.SendTestResult: Invoking callback 1/1 for Microsoft.VisualStudio.TestPlatform.CommandLine.Internal.ConsoleLogger., took 0 ms.
TpTrace Verbose: 0 : 6996, 4, 2024/11/26, 11:54:56.058, 4133950844773, vstest.console.dll, MulticastDelegateUtilities.SafeInvoke: InternalTestLoggerEvents.SendTestResult: Invoking callback 1/1 for Microsoft.VisualStudio.TestPlatform.CommandLine.Internal.ConsoleLogger., took 0 ms.
TpTrace Verbose: 0 : 6996, 4, 2024/11/26, 11:54:56.058, 4133950845221, vstest.console.dll, MulticastDelegateUtilities.SafeInvoke: InternalTestLoggerEvents.SendTestResult: Invoking callback 1/1 for Microsoft.VisualStudio.TestPlatform.CommandLine.Internal.ConsoleLogger., took 0 ms.
TpTrace Verbose: 0 : 6996, 4, 2024/11/26, 11:54:56.058, 4133950845650, vstest.console.dll, MulticastDelegateUtilities.SafeInvoke: InternalTestLoggerEvents.SendTestResult: Invoking callback 1/1 for Microsoft.VisualStudio.TestPlatform.CommandLine.Internal.ConsoleLogger., took 0 ms.
TpTrace Verbose: 0 : 6996, 4, 2024/11/26, 11:54:56.058, 4133950846073, vstest.console.dll, MulticastDelegateUtilities.SafeInvoke: InternalTestLoggerEvents.SendTestResult: Invoking callback 1/1 for Microsoft.VisualStudio.TestPlatform.CommandLine.Internal.ConsoleLogger., took 0 ms.
TpTrace Verbose: 0 : 6996, 4, 2024/11/26, 11:54:56.064, 4133950900330, vstest.console.dll, MulticastDelegateUtilities.SafeInvoke: InternalTestLoggerEvents.SendTestRunComplete: Invoking callback 1/2 for Microsoft.TestPlatform.Extensions.BlameDataCollector.BlameLogger., took 0 ms.
TpTrace Verbose: 0 : 6996, 4, 2024/11/26, 11:54:56.069, 4133950948752, vstest.console.dll, MulticastDelegateUtilities.SafeInvoke: InternalTestLoggerEvents.SendTestRunComplete: Invoking callback 2/2 for Microsoft.VisualStudio.TestPlatform.CommandLine.Internal.ConsoleLogger., took 4 ms.
TpTrace Verbose: 0 : 6996, 14, 2024/11/26, 11:54:56.069, 4133950951121, vstest.console.dll, TestRunRequest:TestRunComplete: Starting. IsAborted:False IsCanceled:False.
TpTrace Verbose: 0 : 6996, 14, 2024/11/26, 11:54:56.069, 4133950952723, vstest.console.dll, ParallelOperationManager.DoActionOnAllManagers: Calling an action on all managers.
TpTrace Verbose: 0 : 6996, 14, 2024/11/26, 11:54:56.070, 4133950960754, vstest.console.dll, TestLoggerManager.HandleTestRunComplete: Ignoring as the object is disposed.
TpTrace Verbose: 0 : 6996, 14, 2024/11/26, 11:54:56.070, 4133950962830, vstest.console.dll, MulticastDelegateUtilities.SafeInvoke: TestRun.TestRunComplete: Invoking callback 1/2 for Microsoft.VisualStudio.TestPlatform.CommandLine.TestRunResultAggregator., took 0 ms.
TpTrace Verbose: 0 : 6996, 14, 2024/11/26, 11:54:56.070, 4133950963909, vstest.console.dll, MulticastDelegateUtilities.SafeInvoke: TestRun.TestRunComplete: Invoking callback 2/2 for Microsoft.VisualStudio.TestPlatform.CommandLine.Processors.RunTestsArgumentExecutor+TestRunRequestEventsRegistrar., took 0 ms.
TpTrace Information: 0 : 6996, 14, 2024/11/26, 11:54:56.070, 4133950964791, vstest.console.dll, TestRunRequest:TestRunComplete: Completed.
TpTrace Verbose: 0 : 6996, 1, 2024/11/26, 11:54:56.070, 4133950965087, vstest.console.dll, TestRunRequest.Dispose: Starting.
TpTrace Verbose: 0 : 6996, 14, 2024/11/26, 11:54:56.070, 4133950965177, vstest.console.dll, TestRequestSender.SetOperationComplete: Setting operation complete.
TpTrace Information: 0 : 6996, 1, 2024/11/26, 11:54:56.070, 4133950965727, vstest.console.dll, TestRunRequest.Dispose: Completed.
TpTrace Information: 0 : 6996, 14, 2024/11/26, 11:54:56.071, 4133950966217, vstest.console.dll, SocketServer.Stop: Stop server endPoint: 127.0.0.1:56903
TpTrace Information: 0 : 6996, 1, 2024/11/26, 11:54:56.071, 4133950966656, vstest.console.dll, TestRequestManager.RunTests: run tests completed.
TpTrace Information: 0 : 6996, 14, 2024/11/26, 11:54:56.071, 4133950967041, vstest.console.dll, SocketServer.Stop: Cancellation requested. Stopping message loop.
TpTrace Information: 0 : 6996, 1, 2024/11/26, 11:54:56.071, 4133950967478, vstest.console.dll, RunTestsArgumentProcessor:Execute: Test run is completed.
TpTrace Verbose: 0 : 6996, 14, 2024/11/26, 11:54:56.071, 4133950967602, vstest.console.dll, MulticastDelegateUtilities.SafeInvoke: LengthPrefixCommunicationChannel: MessageReceived: Invoking callback 1/1 for Microsoft.VisualStudio.TestPlatform.CommunicationUtilities.TestRequestSender+<>c__DisplayClass34_0., took 115 ms.
TpTrace Information: 0 : 6996, 14, 2024/11/26, 11:54:56.071, 4133950968470, vstest.console.dll, SocketServer.PrivateStop: Stopping server endPoint: 127.0.0.1:56903 error: 
TpTrace Verbose: 0 : 6996, 1, 2024/11/26, 11:54:56.071, 4133950969608, vstest.console.dll, Executor.Execute: Exiting with exit code of 0
